{
  "timestamp": "2021-04-04 00:04:02.810373",
  "device_info": {
    "serial_number": "ACIAKUhOUA4gNDNW",
    "model": "600",
    "git_hash": "e29d61b2baf4e29c6fffc689d8efe11fa4093b6f",
    "git_dirty": false,
    "git_timestamp": 1610639364
  },
  "calibration": {
    "invert": false,
    "poles": 14,
    "offset": [
      2.979078079675189,
      2.961260618545257,
      2.962554877099455,
      2.981750316852179,
      2.9729955731306537,
      2.94788487818185,
      2.9545046388173195,
      2.9160110272756983,
      2.9549134714464524,
      3.001266375437103,
      2.977571861507918,
      2.950773748221626,
      2.9599509075611343,
      2.951441472571815,
      2.9683682540355276,
      2.9730794871542527,
      2.9190594575499986,
      2.9081214388443466,
      2.923460088850692,
      2.981883258311522,
      3.0425981600050775,
      3.042707603392144,
      3.0154960106750632,
      2.9949447566351366,
      3.02078054950429,
      3.0603552524124114,
      3.042655751748371,
      3.016017712846062,
      2.9862030511609623,
      2.9871987218241207,
      3.02646672611376,
      3.0492765579555403,
      3.025268232215632,
      3.0171018856973744,
      2.9951788200278995,
      3.0178139654992036,
      3.058006870794609,
      3.04680690901454,
      3.0343191431016514,
      3.013155038450401,
      2.996867355470962,
      3.007986774059886,
      3.0120091435988563,
      2.985506787512377,
      2.9792271274683677,
      2.9927095688865286,
      2.988435324194518,
      2.973922583617679,
      2.9540324250855474,
      2.927241934179518,
      2.9203684755195276,
      2.96144805681027,
      2.9900575822560653,
      2.9735466398479344,
      2.9823760605438676,
      2.9571324628636306,
      2.9633638604003814,
      2.9982473098761893,
      2.9885241388832005,
      2.9617457847039064,
      2.9500633343331817,
      2.9492136453533924,
      2.955309987683642,
      2.9840043877799727
    ]
  },
  "winding_resistance": 1.1552859530471076,
  "v_per_hz": 0.49932190476190474,
  "kv": 60.08148193359375,
  "unwrapped_position_scale": 1.0
}
