{
  "timestamp": "2021-04-21 17:26:08.479831",
  "device_info": {
    "serial_number": "ACQAP0hOUA4gNDNW",
    "model": "600",
    "git_hash": "e29d61b2baf4e29c6fffc689d8efe11fa4093b6f",
    "git_dirty": false,
    "git_timestamp": 1610639364
  },
  "calibration": {
    "invert": false,
    "poles": 14,
    "offset": [
      2.6999633820178275,
      2.706856154785991,
      2.7340290604095414,
      2.7492522803226596,
      2.715712255546204,
      2.7041167724118704,
      2.713933309019664,
      2.7157466656244456,
      2.715940590472828,
      2.692386078289151,
      2.6484393177988927,
      2.631747350138461,
      2.6513378759915596,
      2.6583254265463236,
      2.633755479095645,
      2.617877816721597,
      2.5965374021781034,
      2.600574601784234,
      2.6460785577160446,
      2.6621381046696273,
      2.647633320106846,
      2.663401208848454,
      2.680605764662255,
      2.7161248821247908,
      2.76004930497604,
      2.747618461745786,
      2.726506243278103,
      2.7337667928967755,
      2.7350952090603537,
      2.735660914709468,
      2.726811283631098,
      2.6927386963562165,
      2.6742306839530343,
      2.700350288562975,
      2.72234250152548,
      2.718114867654713,
      2.7067727243725934,
      2.681711712351286,
      2.6714570534652045,
      2.694582032930114,
      2.707377704640249,
      2.672929681296695,
      2.6662071824197096,
      2.667557499207133,
      2.6806752765205166,
      2.7162603339874143,
      2.720167343374152,
      2.6908019720873124,
      2.690923957682511,
      2.70390406850158,
      2.714045227278415,
      2.73141544058197,
      2.7287832572025983,
      2.713434273612448,
      2.7346717740432256,
      2.7549064773782215,
      2.7488955765394234,
      2.7274327449059093,
      2.7061718419872975,
      2.681917876739421,
      2.698965867921212,
      2.7233666145752475,
      2.7055583349586194,
      2.694939248689655
    ]
  },
  "winding_resistance": 0.7558131198341352,
  "v_per_hz": 0.42886543967280166,
  "kv": 69.95201110839844,
  "unwrapped_position_scale": 1.0
}
