{
  "timestamp": "2021-07-20 17:30:55.138672",
  "device_info": {
    "serial_number": "ACoARjdTUA0gMjlC",
    "model": "600",
    "git_hash": "33ce490dd994e5008ae6fe8a5d8dd079a4848503",
    "git_dirty": false,
    "git_timestamp": 1620087252,
    "uuid": "169c72b6-02a2-498f-b1e6-bee83219dd2f"
  },
  "calibration": {
    "invert": false,
    "phase_invert": false,
    "poles": 14,
    "offset": [
      2.4334493163818824,
      2.4225036351056635,
      2.429293328977192,
      2.438085143275578,
      2.4476702579164056,
      2.438771069953877,
      2.431019437788438,
      2.4357245967339787,
      2.438086724094022,
      2.4546113233218505,
      2.460624864143853,
      2.4519113772762573,
      2.462642442264063,
      2.4807430315683145,
      2.496823311752139,
      2.513607474692642,
      2.514851506850618,
      2.513947022273095,
      2.528752037558042,
      2.5381842290430203,
      2.5414206194530955,
      2.536585539745578,
      2.519509192177698,
      2.518280884954992,
      2.5219728538171733,
      2.5280900939130184,
      2.513810337890938,
      2.4936157270495762,
      2.47995797408595,
      2.4694020755968547,
      2.469162293073864,
      2.4644371541914842,
      2.4429883790279505,
      2.4292618319481543,
      2.4300845839264125,
      2.4247528687923863,
      2.431811639999689,
      2.421976067310701,
      2.400254274843461,
      2.400262010100515,
      2.403849408050394,
      2.409868475694539,
      2.4163198568567923,
      2.4130930379590194,
      2.4124719852778447,
      2.422119637749644,
      2.4363189188351133,
      2.4415679469540574,
      2.435663283835079,
      2.439541068091461,
      2.443257070689387,
      2.451442064166235,
      2.467031278568245,
      2.4598921458457497,
      2.444525335694053,
      2.4549138532616612,
      2.4510056907790885,
      2.4554823463944673,
      2.457994249857972,
      2.4394707347570987,
      2.432824921936091,
      2.4384083880877414,
      2.440805980828767,
      2.43934435001377
    ]
  },
  "winding_resistance": 0.667739901757163,
  "inductance": 0.0008540981454246925,
  "pid_dq_kp": 0.2,
  "pid_dq_ki": 156.36139835548653,
  "torque_bw_hz": 37.26853733249988,
  "encoder_filter_bw_hz": 100,
  "encoder_filter_kp": 1256.6370614359173,
  "encoder_filter_ki": 394784.17604357435,
  "v_per_hz": 0.3496412171743503,
  "kv": 85.80224105855447,
  "unwrapped_position_scale": 1.0
}
