{
  "timestamp": "2021-04-21 17:23:27.213782",
  "device_info": {
    "serial_number": "ACQAP0hOUA4gNDNW",
    "model": "600",
    "git_hash": "e29d61b2baf4e29c6fffc689d8efe11fa4093b6f",
    "git_dirty": false,
    "git_timestamp": 1610639364
  },
  "calibration": {
    "invert": false,
    "poles": 14,
    "offset": [
      2.6932961509425755,
      2.7012000253391815,
      2.729171383853595,
      2.745647828365448,
      2.713925532034753,
      2.7019526847333606,
      2.711910108475264,
      2.7138847936247243,
      2.713893428600923,
      2.690827010354962,
      2.6458149837943687,
      2.6284872721942794,
      2.645088410872204,
      2.6497334398314734,
      2.628176071904297,
      2.6144523605248144,
      2.594839214328682,
      2.605577072130889,
      2.6503042333677165,
      2.666670299172686,
      2.6528710779170956,
      2.668569860350055,
      2.6857322565133694,
      2.720314985717929,
      2.7647570724418817,
      2.7539614095016423,
      2.7333542971721743,
      2.7402324816412147,
      2.7427547066317626,
      2.7442352511053407,
      2.7341736851598677,
      2.7006204824074294,
      2.6833437827350903,
      2.7102232530400068,
      2.7324977530901626,
      2.727465753593238,
      2.712993315765779,
      2.685457398321193,
      2.675390724219811,
      2.7010896590548223,
      2.716524930920673,
      2.68583612685263,
      2.674565816523478,
      2.6710665199168266,
      2.6804314233032835,
      2.715220487979832,
      2.712256389419082,
      2.6796864380392087,
      2.678624200801467,
      2.6896138367851883,
      2.7005828380418873,
      2.720996125612132,
      2.721352786545158,
      2.708206840506397,
      2.732256393975873,
      2.7547153336530927,
      2.7492212306792663,
      2.7272744715223833,
      2.704966969031946,
      2.680810840062195,
      2.696074855400182,
      2.719851493851897,
      2.7002266558661665,
      2.6886068844878293
    ]
  },
  "winding_resistance": 0.46533500253909876,
  "v_per_hz": 0.4490689507494647,
  "kv": 66.80488586425781,
  "unwrapped_position_scale": 1.0
}
