{
  "timestamp": "2021-04-21 17:24:15.716423",
  "device_info": {
    "serial_number": "ACQAP0hOUA4gNDNW",
    "model": "600",
    "git_hash": "e29d61b2baf4e29c6fffc689d8efe11fa4093b6f",
    "git_dirty": false,
    "git_timestamp": 1610639364
  },
  "calibration": {
    "invert": false,
    "poles": 14,
    "offset": [
      2.6967741649702073,
      2.7036048212850785,
      2.7308354411607474,
      2.747160017698218,
      2.7147020598583387,
      2.704889829859168,
      2.714206411670235,
      2.7157864990292895,
      2.7154204077009205,
      2.6914873739698204,
      2.6466912146058315,
      2.6318886899480822,
      2.652372204606922,
      2.6621656149179866,
      2.6363118871778926,
      2.6207030271752547,
      2.597547033172016,
      2.6014248965749656,
      2.6456332874982746,
      2.6633632117705446,
      2.6497142945242973,
      2.6660974678964173,
      2.684054471378126,
      2.7190375191025535,
      2.763172402798766,
      2.7503233098767494,
      2.7294206931401965,
      2.7365489265904,
      2.736959817341019,
      2.7375241200371434,
      2.727482899258411,
      2.692983765675836,
      2.67460783223263,
      2.7006979063674836,
      2.7227620536130837,
      2.7183568128750792,
      2.7060461416513144,
      2.6817430939423397,
      2.672438293696691,
      2.6958704599455325,
      2.7079030101386756,
      2.6719721071560554,
      2.6653028894956003,
      2.6670678835841897,
      2.681686358238316,
      2.719239366219388,
      2.7234938845617847,
      2.6936602190315555,
      2.69413884627579,
      2.7071544157094145,
      2.7165508077091807,
      2.7335548758576413,
      2.730720229220389,
      2.7137070738583713,
      2.7338241323116588,
      2.753868127136971,
      2.7481936387137513,
      2.7271462495903944,
      2.707234185737472,
      2.6841792599535927,
      2.701485232947056,
      2.723973237976795,
      2.7048701721614816,
      2.693284644100073
    ]
  },
  "winding_resistance": 0.5276058109748554,
  "v_per_hz": 0.47880182648401826,
  "kv": 62.656402587890625,
  "unwrapped_position_scale": 1.0
}
