{
  "timestamp": "2021-07-20 17:28:12.976008",
  "device_info": {
    "serial_number": "ACoARjdTUA0gMjlC",
    "model": "600",
    "git_hash": "33ce490dd994e5008ae6fe8a5d8dd079a4848503",
    "git_dirty": false,
    "git_timestamp": 1620087252,
    "uuid": "169c72b6-02a2-498f-b1e6-bee83219dd2f"
  },
  "calibration": {
    "invert": false,
    "phase_invert": false,
    "poles": 14,
    "offset": [
      2.4505167053555095,
      2.439154441969718,
      2.443980667635987,
      2.451846298370314,
      2.464319043195344,
      2.4551050155969767,
      2.444701816388836,
      2.4527202909006287,
      2.4544823084095033,
      2.4672773597228432,
      2.473001838360822,
      2.465014696690054,
      2.47607512885234,
      2.492422555308975,
      2.506419387078541,
      2.520286221314134,
      2.5152613838123354,
      2.510366562089062,
      2.524543006910226,
      2.5323872528840234,
      2.5357497339827297,
      2.532321563985276,
      2.5179576106547397,
      2.5205326233130596,
      2.5275311330665446,
      2.53614608921331,
      2.5222177185866412,
      2.504023377409993,
      2.4921561245188344,
      2.483366225876094,
      2.4868062079652793,
      2.4837802419991855,
      2.4623587111438616,
      2.4491307082528797,
      2.4484843866681687,
      2.443605690980329,
      2.4501452074538785,
      2.4410582777222993,
      2.4211450120947653,
      2.4224785109597757,
      2.4250152684633814,
      2.429795027351458,
      2.430699409198661,
      2.4248668666939004,
      2.4247445498998683,
      2.4341240339888723,
      2.4492124037201806,
      2.4563437055570554,
      2.4512222898902873,
      2.4554403715636397,
      2.46090484889273,
      2.4698313037510395,
      2.484770022919021,
      2.477046864854215,
      2.4652457139366497,
      2.4776808863532525,
      2.4757497277283225,
      2.4824234756930776,
      2.4839338783673206,
      2.459859186042157,
      2.4531419219973944,
      2.4579178768859204,
      2.4587511181844084,
      2.4559053839026013
    ]
  },
  "winding_resistance": 0.7753920429157024,
  "inductance": 0.0008588580602769324,
  "pid_dq_kp": 0.2,
  "pid_dq_ki": 180.5634897728463,
  "torque_bw_hz": 37.06198974032497,
  "encoder_filter_bw_hz": 100,
  "encoder_filter_kp": 1256.6370614359173,
  "encoder_filter_ki": 394784.17604357435,
  "v_per_hz": 0.33848198014261177,
  "kv": 88.63101068884133,
  "unwrapped_position_scale": 1.0
}
