{
  "timestamp": "2021-05-13 22:00:32.448779",
  "device_info": {
    "serial_number": "ACQAP0hOUA4gNDNW",
    "model": "600",
    "git_hash": "e29d61b2baf4e29c6fffc689d8efe11fa4093b6f",
    "git_dirty": false,
    "git_timestamp": 1610639364
  },
  "calibration": {
    "invert": false,
    "poles": 14,
    "offset": [
      2.637978305301713,
      2.637899035466723,
      2.661552078392261,
      2.681074368313403,
      2.6559963929256765,
      2.650495455152361,
      2.6647906656067057,
      2.672286894770531,
      2.6775259432405627,
      2.6621558694485077,
      2.628126627821784,
      2.614915066849894,
      2.636505755533432,
      2.644943326932256,
      2.625831049225876,
      2.6186356770839305,
      2.6050117831286514,
      2.6183411221939923,
      2.6617256758618075,
      2.672830096782496,
      2.653928915018381,
      2.6626247959130454,
      2.664000422668657,
      2.683344873698863,
      2.7111529644163213,
      2.68723108025893,
      2.6586438934023593,
      2.658676384329507,
      2.6617802205402197,
      2.6614706939928685,
      2.6502111654973755,
      2.6203356717186908,
      2.602005397516898,
      2.629559121780545,
      2.6576036910729317,
      2.6564094941361938,
      2.6469405005949,
      2.630823846091164,
      2.618448110132262,
      2.6420435678877743,
      2.655265227880452,
      2.6109135333045765,
      2.5918559054757684,
      2.580070792650183,
      2.579654960760616,
      2.602999724193546,
      2.6051599013794493,
      2.573401926014266,
      2.574015673888765,
      2.5998760882310674,
      2.6146935762904904,
      2.636230067323909,
      2.6433030205404506,
      2.638081362537858,
      2.6645794609545566,
      2.702331156344695,
      2.7099996845593735,
      2.6930384582349136,
      2.6765217337367266,
      2.64873384802044,
      2.660530676385957,
      2.681230477454021,
      2.6590444375985007,
      2.6383270567056374
    ]
  },
  "winding_resistance": 0.566326766360238,
  "v_per_hz": 0.42974426229508195,
  "kv": 69.8089599609375,
  "unwrapped_position_scale": 1.0
}
