{
  "timestamp": "2021-06-15 18:04:55.549626",
  "device_info": {
    "serial_number": "ACQAP0hOUA4gNDNW",
    "model": "600",
    "git_hash": "e29d61b2baf4e29c6fffc689d8efe11fa4093b6f",
    "git_dirty": false,
    "git_timestamp": 1610639364,
    "uuid": ""
  },
  "calibration": {
    "invert": false,
    "phase_invert": false,
    "poles": 14,
    "offset": [
      -2.2103214795529986,
      -2.1963766904873943,
      -2.1918966047862685,
      -2.156441191229534,
      -2.1476642215665107,
      -2.212655089560355,
      -2.2724815461384336,
      -2.3098407296760506,
      -2.2842920940507483,
      -2.232334944076211,
      -2.237694591104085,
      -2.2799227504561728,
      -2.325119582282233,
      -2.3552242883640497,
      -2.332442809528756,
      -2.3077013610667287,
      -2.3051144869276423,
      -2.325520506519692,
      -2.3801670671729704,
      -2.3849987847099574,
      -2.384226741101129,
      -2.3905796410564166,
      -2.328337544163974,
      -2.3010221122261942,
      -2.2956909542464694,
      -2.272598606144396,
      -2.290302997145151,
      -2.2996708725565,
      -2.244736027789234,
      -2.22279352669894,
      -2.220612614803146,
      -2.2530496576081176,
      -2.3448799754483574,
      -2.40561837072299,
      -2.409689527280431,
      -2.378308705676789,
      -2.371565379188668,
      -2.40957723149563,
      -2.432064353338819,
      -2.461474227325769,
      -2.4468501104370226,
      -2.3881627808175208,
      -2.3967319636895885,
      -2.4106902074844254,
      -2.4085982541198745,
      -2.4256336931621645,
      -2.395770038385139,
      -2.368623412803559,
      -2.3924353706000683,
      -2.3858352843136696,
      -2.3810361755886498,
      -2.3593711995153166,
      -2.327167392964121,
      -2.3090393806148133,
      -2.297898655516829,
      -2.285216417567647,
      -2.266356985228943,
      -2.2475213583747804,
      -2.2657333011594565,
      -2.2645772298832756,
      -2.2535765637759653,
      -2.2239090877426126,
      -2.175931170612367,
      -2.1875288412100518
    ]
  },
  "winding_resistance": 0.6398514045891834,
  "inductance": null,
  "pid_dq_kp": null,
  "pid_dq_ki": null,
  "torque_bw_hz": null,
  "encoder_filter_bw_hz": null,
  "encoder_filter_kp": null,
  "encoder_filter_ki": null,
  "v_per_hz": 0.38980520446096667,
  "kv": 76.96151733398435,
  "unwrapped_position_scale": 1.0
}
