{
  "timestamp": "2021-04-21 17:19:24.007030",
  "device_info": {
    "serial_number": "AFAAPEhOUA4gNDNW",
    "model": "600",
    "git_hash": "e29d61b2baf4e29c6fffc689d8efe11fa4093b6f",
    "git_dirty": false,
    "git_timestamp": 1610639364
  },
  "calibration": {
    "invert": false,
    "poles": 14,
    "offset": [
      -2.6637911000623866,
      -2.620131470462517,
      -2.6055328053866873,
      -2.616437948533311,
      -2.6318680486134984,
      -2.652762088504847,
      -2.6323489854630524,
      -2.6047314435780065,
      -2.6130656966553887,
      -2.646114939511569,
      -2.6801896631768614,
      -2.667154945307695,
      -2.6422783880573917,
      -2.6452821034197203,
      -2.637277179330405,
      -2.6674989559867726,
      -2.647075861457942,
      -2.5952018731595268,
      -2.5962348364314227,
      -2.6100258359604713,
      -2.6252494539572386,
      -2.648874018906766,
      -2.6021338186219545,
      -2.55927816466563,
      -2.5844500668467147,
      -2.5976373091088503,
      -2.624544104634896,
      -2.611969016944811,
      -2.566390235814762,
      -2.5637413468890773,
      -2.601078885039115,
      -2.642289815773629,
      -2.6422127780085414,
      -2.6102282336715845,
      -2.588055114156591,
      -2.595705595797979,
      -2.6367033515665006,
      -2.667151535127367,
      -2.641828947872425,
      -2.614831247199361,
      -2.639943298062601,
      -2.6745022350507703,
      -2.723873027894751,
      -2.7192047470158958,
      -2.6654664443001477,
      -2.643004820495447,
      -2.6599881023994145,
      -2.681034806860223,
      -2.6864302872083226,
      -2.648555761801991,
      -2.6025971428710024,
      -2.599479625035319,
      -2.637378954478464,
      -2.650950723502323,
      -2.6328194127996323,
      -2.614145805658351,
      -2.6015319234330194,
      -2.620030276636007,
      -2.666287351134908,
      -2.6386293114029638,
      -2.605299149278345,
      -2.610501081391378,
      -2.6114457905800537,
      -2.656980273880054
    ]
  },
  "winding_resistance": 0.5958078944124325,
  "v_per_hz": 0.36472208695652175,
  "kv": 82.25440979003906,
  "unwrapped_position_scale": 1.0
}
