{
  "timestamp": "2021-07-15 14:46:56.048072",
  "device_info": {
    "serial_number": "AEUARzdTUA0gMjlC",
    "model": "600",
    "git_hash": "33ce490dd994e5008ae6fe8a5d8dd079a4848503",
    "git_dirty": false,
    "git_timestamp": 1620087252,
    "uuid": "f74050cd-d8ae-405b-bba2-76605330beb8"
  },
  "calibration": {
    "invert": false,
    "phase_invert": false,
    "poles": 14,
    "offset": [
      -2.806686880782144,
      -2.807666037842887,
      -2.8073480430332896,
      -2.810448418411636,
      -2.8012588970334003,
      -2.7915249901539743,
      -2.7990428285578917,
      -2.8078809302671632,
      -2.812541888253768,
      -2.8149800741532753,
      -2.806576731810676,
      -2.801295010577992,
      -2.809324629746485,
      -2.810563273420976,
      -2.801448964270966,
      -2.7976361467111546,
      -2.7928867338231367,
      -2.7992383053738217,
      -2.8102025318239896,
      -2.8120942860288567,
      -2.799706179015376,
      -2.789315382368542,
      -2.7898802615962737,
      -2.787252259101636,
      -2.7921472873264044,
      -2.7867781862892813,
      -2.778332992081264,
      -2.788919268799783,
      -2.811251963636673,
      -2.817049915811924,
      -2.8187712229750197,
      -2.807948367648442,
      -2.7912377778974644,
      -2.7969185425339194,
      -2.8046171042282055,
      -2.80199843873914,
      -2.7983249524499874,
      -2.7958167471800186,
      -2.80216048162726,
      -2.8169398455031716,
      -2.826874790720472,
      -2.815597142954625,
      -2.8000247435731915,
      -2.79809557204852,
      -2.804336545181887,
      -2.8131864838103637,
      -2.820180229830601,
      -2.8139032415587093,
      -2.8068054930431385,
      -2.819662009200387,
      -2.8243519093673974,
      -2.8250851606826735,
      -2.820855556725813,
      -2.806479198043211,
      -2.805648271250265,
      -2.8141771650559892,
      -2.8176730416644915,
      -2.81328607646674,
      -2.8097620527039826,
      -2.805581235239796,
      -2.8134674046031836,
      -2.8236219434559433,
      -2.821592189786191,
      -2.81243431453041
    ]
  },
  "winding_resistance": 0.598667406879141,
  "inductance": 0.0005999233363839772,
  "pid_dq_kp": 0.2,
  "pid_dq_ki": 199.5813033337205,
  "torque_bw_hz": 53.058427115437034,
  "encoder_filter_bw_hz": 106.11685423087407,
  "encoder_filter_kp": 1333.5037186950917,
  "encoder_filter_ki": 444558.0419434096,
  "v_per_hz": 0.3710877128518521,
  "kv": 80.84342046640812,
  "unwrapped_position_scale": 1.0
}
