{
  "timestamp": "2021-06-15 18:02:44.826572",
  "device_info": {
    "serial_number": "AFAAPEhOUA4gNDNW",
    "model": "600",
    "git_hash": "e29d61b2baf4e29c6fffc689d8efe11fa4093b6f",
    "git_dirty": false,
    "git_timestamp": 1610639364,
    "uuid": ""
  },
  "calibration": {
    "invert": false,
    "phase_invert": false,
    "poles": 14,
    "offset": [
      1.3251119511040816,
      1.3114856395644827,
      1.2997816682375458,
      1.263094197650355,
      1.2734834435757247,
      1.3124178208614186,
      1.3081229729764907,
      1.2700162340207262,
      1.26703117708782,
      1.247606001429587,
      1.2770696110060777,
      1.3112559419862961,
      1.2860126150089926,
      1.2734261880122881,
      1.2683078276005844,
      1.282608552283415,
      1.3027821431605766,
      1.3063910505149252,
      1.2830301327979603,
      1.271736174569389,
      1.2982208114642533,
      1.3299276450105106,
      1.3368929635561617,
      1.335934911568286,
      1.3296910716667374,
      1.3350404264669002,
      1.3897418904788559,
      1.4172858788738045,
      1.3898832322758097,
      1.3810875772231193,
      1.3487976950151424,
      1.3592482258788139,
      1.381093718044452,
      1.3660870641226583,
      1.33575231274771,
      1.3251840529283008,
      1.3183236511146506,
      1.3273803741387504,
      1.3314084344789747,
      1.2970848655603557,
      1.2735116152626078,
      1.2691804234671107,
      1.285129148837059,
      1.2874235675581158,
      1.2714720484727862,
      1.2579968817869758,
      1.2458120129314016,
      1.27816512162046,
      1.3062891225529936,
      1.2862389354363228,
      1.2753110833769106,
      1.267043584838989,
      1.274064255809344,
      1.3130471318000838,
      1.3277597092609283,
      1.293340777208857,
      1.2900573822405057,
      1.2881527394851684,
      1.3057090275694905,
      1.3258138500349024,
      1.312366282051452,
      1.2864422623822422,
      1.2803866814594278,
      1.3132417978900168
    ]
  },
  "winding_resistance": 0.6224392259358171,
  "inductance": null,
  "pid_dq_kp": null,
  "pid_dq_ki": null,
  "torque_bw_hz": null,
  "encoder_filter_bw_hz": null,
  "encoder_filter_kp": null,
  "encoder_filter_ki": null,
  "v_per_hz": 0.4169288270377735,
  "kv": 71.95472717285153,
  "unwrapped_position_scale": 1.0
}
