{
  "timestamp": "2021-07-20 17:29:27.390418",
  "device_info": {
    "serial_number": "AEUARzdTUA0gMjlC",
    "model": "600",
    "git_hash": "33ce490dd994e5008ae6fe8a5d8dd079a4848503",
    "git_dirty": false,
    "git_timestamp": 1620087252,
    "uuid": "f74050cd-d8ae-405b-bba2-76605330beb8"
  },
  "calibration": {
    "invert": false,
    "phase_invert": false,
    "poles": 14,
    "offset": [
      -2.800335099913271,
      -2.8005401706301343,
      -2.800682901764689,
      -2.803741764513842,
      -2.794596588566849,
      -2.784011567090184,
      -2.7913777339940347,
      -2.797534365779639,
      -2.801991762504416,
      -2.803572811954967,
      -2.7912067822713578,
      -2.7853604174054176,
      -2.7928446833117726,
      -2.79120172794263,
      -2.781645366036215,
      -2.777685503143479,
      -2.7742393272150876,
      -2.7828372121414042,
      -2.795658125905552,
      -2.798643549742135,
      -2.785908253050784,
      -2.7753997468698075,
      -2.775812062195597,
      -2.7741576984043075,
      -2.777333684954344,
      -2.773999470230074,
      -2.765680097818122,
      -2.7769174180931664,
      -2.800265025909707,
      -2.8082384423727267,
      -2.8111142374670544,
      -2.8009198812622373,
      -2.7853039759809994,
      -2.792000424316656,
      -2.799813504634244,
      -2.7981654587765994,
      -2.796232121375707,
      -2.793420021473239,
      -2.8008702316995726,
      -2.8150329252420065,
      -2.823193702089166,
      -2.8100379987603294,
      -2.7935626688889807,
      -2.7934072091804634,
      -2.799948637740842,
      -2.8128734322376427,
      -2.8205067124228567,
      -2.81421968859087,
      -2.808140664879093,
      -2.820884368188192,
      -2.823322052343126,
      -2.825192729578378,
      -2.8192653968448678,
      -2.8008576101199836,
      -2.802061073803579,
      -2.810057156929637,
      -2.812984170699246,
      -2.8104640061621353,
      -2.8061484673668984,
      -2.802227503458881,
      -2.8106829596962775,
      -2.8204673607390487,
      -2.8172381577579997,
      -2.8057929110620448
    ]
  },
  "winding_resistance": 0.4202326408868824,
  "inductance": 0.0006467484612006414,
  "pid_dq_kp": 0.2,
  "pid_dq_ki": 129.95242079331774,
  "torque_bw_hz": 49.21695300099695,
  "encoder_filter_bw_hz": 100,
  "encoder_filter_kp": 1256.6370614359173,
  "encoder_filter_ki": 394784.17604357435,
  "v_per_hz": 0.36928252951292,
  "kv": 81.23861163854598,
  "unwrapped_position_scale": 1.0
}
