{
  "timestamp": "2021-04-21 17:25:04.204336",
  "device_info": {
    "serial_number": "ACQAP0hOUA4gNDNW",
    "model": "600",
    "git_hash": "e29d61b2baf4e29c6fffc689d8efe11fa4093b6f",
    "git_dirty": false,
    "git_timestamp": 1610639364
  },
  "calibration": {
    "invert": false,
    "poles": 14,
    "offset": [
      2.6960681917294913,
      2.7003586250750296,
      2.7254190449427873,
      2.742253859845524,
      2.7086362727712006,
      2.696014488627327,
      2.707835050129709,
      2.7106305363832233,
      2.7099514883963884,
      2.6866482435710837,
      2.6421094875370383,
      2.6247094994705007,
      2.64130294011901,
      2.6479855649283413,
      2.627272524123662,
      2.61449577384065,
      2.594268260364642,
      2.6067771204296157,
      2.6510119579516984,
      2.6663414108505634,
      2.651508397248339,
      2.66748618201632,
      2.68237381492222,
      2.7170093176007595,
      2.7624442336865696,
      2.7520590308006345,
      2.7316257887550726,
      2.739380126227234,
      2.740295922867074,
      2.741011856515074,
      2.7314724360383162,
      2.6971373156967924,
      2.6788381432134236,
      2.705005845381642,
      2.727070640661892,
      2.7220714580185885,
      2.7088635120819573,
      2.6842262467854834,
      2.6737761747329607,
      2.697586105811596,
      2.7106769349323794,
      2.67488478164201,
      2.669153072262692,
      2.6701484919383414,
      2.684304458863653,
      2.721305327863309,
      2.7265744713110496,
      2.6986470445654565,
      2.7027297375992996,
      2.7180962275038856,
      2.7252622135911952,
      2.739796516452595,
      2.7312969713075015,
      2.7066386808882195,
      2.7314003018151807,
      2.753286634887129,
      2.7478955160805763,
      2.727565771240188,
      2.704925182985282,
      2.680069831211054,
      2.6971905579313766,
      2.7219387982897127,
      2.70246848218355,
      2.6909835626485927
    ]
  },
  "winding_resistance": 1.3071326430274692,
  "v_per_hz": 0.501711004784689,
  "kv": 59.795379638671875,
  "unwrapped_position_scale": 1.0
}
