{
  "timestamp": "2021-04-24 15:22:16.682899",
  "device_info": {
    "serial_number": "ACQAP0hOUA4gNDNW",
    "model": "600",
    "git_hash": "e29d61b2baf4e29c6fffc689d8efe11fa4093b6f",
    "git_dirty": false,
    "git_timestamp": 1610639364
  },
  "calibration": {
    "invert": false,
    "poles": 14,
    "offset": [
      2.5966664850917947,
      2.6020916997910857,
      2.6234519768023654,
      2.6451023722265723,
      2.624011439918905,
      2.6101484918592868,
      2.6200642265503875,
      2.6303422117947575,
      2.634092594336636,
      2.612423499114987,
      2.575772482807164,
      2.556775689248471,
      2.5753162539800973,
      2.59476176000364,
      2.5927795532002347,
      2.5897516426358664,
      2.5635827043739616,
      2.5760780588170555,
      2.594865573635763,
      2.5901904334909096,
      2.5573341741253075,
      2.540253692162798,
      2.5430125533374084,
      2.589708198750231,
      2.626612290745998,
      2.6143923340325155,
      2.5932609915818734,
      2.587381936938359,
      2.578023071811807,
      2.592947235793756,
      2.59467064071928,
      2.5583472868037465,
      2.5364766285178275,
      2.5738519479376714,
      2.6035118478767507,
      2.616751231994036,
      2.620530899279537,
      2.58884275853375,
      2.5728789724534793,
      2.6030803220661367,
      2.6305668824867428,
      2.5984478624271543,
      2.5807078260306904,
      2.5650656833511354,
      2.550500260516871,
      2.569456499471385,
      2.584760862685993,
      2.553843180080251,
      2.5396996200583444,
      2.555676155649454,
      2.5671420086152583,
      2.5943273507020272,
      2.619725602067833,
      2.616558533772523,
      2.636837303711255,
      2.6636459359776783,
      2.655912096820472,
      2.642168977208047,
      2.6367251037988573,
      2.612025260211269,
      2.6205962418186837,
      2.64050639499146,
      2.614855263430248,
      2.592110117027889
    ]
  },
  "winding_resistance": 0.5043766953605976,
  "v_per_hz": 0.3855058823529412,
  "kv": 77.81982421875,
  "unwrapped_position_scale": 1.0
}
