{
  "timestamp": "2021-04-17 17:36:04.787254",
  "device_info": {
    "serial_number": "ACQAP0hOUA4gNDNW",
    "model": "600",
    "git_hash": "e29d61b2baf4e29c6fffc689d8efe11fa4093b6f",
    "git_dirty": false,
    "git_timestamp": 1610639364
  },
  "calibration": {
    "invert": false,
    "poles": 14,
    "offset": [
      2.6859587938130245,
      2.6911033648986478,
      2.717111106984756,
      2.739040856543152,
      2.7017164593115233,
      2.67759822968396,
      2.6777599221229,
      2.669266476065306,
      2.657227289464228,
      2.6369690678005364,
      2.591894637551576,
      2.5720287980815435,
      2.5903655097102893,
      2.600497104448787,
      2.587112137067765,
      2.5819150243764923,
      2.5747923758444107,
      2.5950635855557986,
      2.648148225686572,
      2.6752449499809616,
      2.667986058142987,
      2.681708736111078,
      2.690562144833561,
      2.7113894528470253,
      2.7419714035364926,
      2.717229616798686,
      2.684922747048004,
      2.68512375912258,
      2.685514839752485,
      2.687125776822104,
      2.6797738121470314,
      2.6483375312421207,
      2.6302665273064707,
      2.657838792472213,
      2.683549111275637,
      2.6856334817197043,
      2.6760652502809212,
      2.656137954757417,
      2.6486155984789166,
      2.676358318744298,
      2.697141217115481,
      2.665654132193415,
      2.6572088266599923,
      2.6545381460871607,
      2.660754863834843,
      2.6874478046384156,
      2.689020740291171,
      2.653110208636341,
      2.6464797744569677,
      2.6575006743876726,
      2.6655915056491124,
      2.6809328473026204,
      2.6774914026123167,
      2.6638422095242804,
      2.6859993492412264,
      2.712342805642168,
      2.713151139639398,
      2.695542384160309,
      2.6772323831164817,
      2.659185902485538,
      2.6814239665564603,
      2.7115919875734193,
      2.696670485811767,
      2.6835574923795154
    ]
  },
  "winding_resistance": 1.4042216477905427,
  "v_per_hz": 0.4471539445628998,
  "kv": 67.09098815917969,
  "unwrapped_position_scale": 1.0
}
