{
  "timestamp": "2021-07-15 14:49:21.813851",
  "device_info": {
    "serial_number": "ACoARjdTUA0gMjlC",
    "model": "600",
    "git_hash": "33ce490dd994e5008ae6fe8a5d8dd079a4848503",
    "git_dirty": false,
    "git_timestamp": 1620087252,
    "uuid": "169c72b6-02a2-498f-b1e6-bee83219dd2f"
  },
  "calibration": {
    "invert": false,
    "phase_invert": false,
    "poles": 14,
    "offset": [
      2.3895300454926365,
      2.3806189890524565,
      2.390229863727911,
      2.4001507537052817,
      2.412269805381157,
      2.408510045422445,
      2.406099388251692,
      2.413956896868279,
      2.4226446887369333,
      2.4416819767236535,
      2.450762129337486,
      2.44981314045529,
      2.4657572342279632,
      2.4863355624589007,
      2.504974828731439,
      2.526004185802738,
      2.528278316042584,
      2.532071368877498,
      2.548750976124803,
      2.5620437933855684,
      2.5694826831578146,
      2.568741632926164,
      2.5579502657033655,
      2.5584534042277745,
      2.5615724292021973,
      2.564688086671988,
      2.5498334875848654,
      2.53147227388871,
      2.5232395976908,
      2.5116782963190403,
      2.510422374938808,
      2.5023886140273937,
      2.4767127715466395,
      2.4592340625596645,
      2.4545759163656973,
      2.4417059722165875,
      2.4385029487426,
      2.423840341604272,
      2.397052037504339,
      2.3940441723319816,
      2.389609460393075,
      2.38592546872027,
      2.379197735059933,
      2.366507336578617,
      2.3588309729988217,
      2.364689933349169,
      2.3727292557096966,
      2.377921486939474,
      2.3720008825712533,
      2.370146760485464,
      2.3784229319449324,
      2.3820889372190055,
      2.3943502329363557,
      2.389919275988385,
      2.375070632620348,
      2.3841970714978244,
      2.385292236735147,
      2.389300917176866,
      2.3928139858404776,
      2.37870330507878,
      2.373436518865195,
      2.3841589730682773,
      2.3893025314484535,
      2.391261163305979
    ]
  },
  "winding_resistance": 0.9563730269535409,
  "inductance": 0.0005996363405223243,
  "pid_dq_kp": 0.2,
  "pid_dq_ki": 318.9843451184011,
  "torque_bw_hz": 53.08382175545282,
  "encoder_filter_bw_hz": 106.16764351090563,
  "encoder_filter_kp": 1334.1419556112048,
  "encoder_filter_ki": 444983.6894305225,
  "v_per_hz": 0.3741725451354772,
  "kv": 80.17691407352685,
  "unwrapped_position_scale": 1.0
}
