{
  "timestamp": "2021-05-13 22:01:29.392072",
  "device_info": {
    "serial_number": "AFAAPEhOUA4gNDNW",
    "model": "600",
    "git_hash": "e29d61b2baf4e29c6fffc689d8efe11fa4093b6f",
    "git_dirty": false,
    "git_timestamp": 1610639364
  },
  "calibration": {
    "invert": false,
    "poles": 14,
    "offset": [
      -1.800330574167437,
      -1.7682692603394226,
      -1.7807189629376154,
      -1.7883330852721293,
      -1.8367110665964124,
      -1.8408616743442245,
      -1.7949694189181242,
      -1.7802543800853805,
      -1.806608637201547,
      -1.8379146958677093,
      -1.8638357782873305,
      -1.8401944415525664,
      -1.7975185268083396,
      -1.7907084050059312,
      -1.8139890384969883,
      -1.8262656921655176,
      -1.799714154353886,
      -1.7688655084275642,
      -1.754034876489387,
      -1.755218099172167,
      -1.8008023891290894,
      -1.7798629227261387,
      -1.7383427824575037,
      -1.7342238061455808,
      -1.7395568438649676,
      -1.7768932598409315,
      -1.80869145971842,
      -1.7758703863675962,
      -1.753344218831581,
      -1.7803667634737717,
      -1.8093033460650805,
      -1.8477240838264446,
      -1.8424477057748045,
      -1.8096404937175312,
      -1.8026631408760017,
      -1.8291816998513701,
      -1.871274620951606,
      -1.876967768838395,
      -1.8586662997881451,
      -1.8587657024374735,
      -1.8649382633902063,
      -1.9033097125853808,
      -1.921614921017312,
      -1.878568673925006,
      -1.8523890694985599,
      -1.8662496620159983,
      -1.8681045041124147,
      -1.9080054696798898,
      -1.8880933422698667,
      -1.8359836165986663,
      -1.8341868300048108,
      -1.8448156315419688,
      -1.8635621394141362,
      -1.8686975814517444,
      -1.8302729149012698,
      -1.8012857198965573,
      -1.808347155971726,
      -1.8362794266067846,
      -1.835055189344138,
      -1.8037284502053217,
      -1.7793721019035431,
      -1.773810594606676,
      -1.7946949158812866,
      -1.8298694999088538
    ]
  },
  "winding_resistance": 1.3389792154873894,
  "v_per_hz": 0.4378187891440501,
  "kv": 68.52149963378906,
  "unwrapped_position_scale": 1.0
}
