{
  "timestamp": "2021-06-10 17:48:24.346021",
  "device_info": {
    "serial_number": "AFAAPEhOUA4gNDNW",
    "model": "600",
    "git_hash": "e29d61b2baf4e29c6fffc689d8efe11fa4093b6f",
    "git_dirty": false,
    "git_timestamp": 1610639364,
    "uuid": ""
  },
  "calibration": {
    "invert": false,
    "phase_invert": false,
    "poles": 14,
    "offset": [
      1.809387883204613,
      1.824215537632167,
      1.7694425513948315,
      1.712904041125773,
      1.68517246780551,
      1.671821137621678,
      1.6877983286233464,
      1.7057067746976518,
      1.6763168961912234,
      1.6333230537678447,
      1.6509721483724122,
      1.6900437427588606,
      1.711162654019041,
      1.7074234096802354,
      1.6848942182880509,
      1.6291146510163517,
      1.6314310440192041,
      1.6614978211079332,
      1.648768392519705,
      1.6372147159005972,
      1.6148933967300698,
      1.5975934899702902,
      1.6374727819424628,
      1.6671738226437103,
      1.645966191136699,
      1.6482288505384888,
      1.6220841429843105,
      1.6106002602224716,
      1.6318388546480564,
      1.6362671929541008,
      1.6348830070199545,
      1.6278192630415995,
      1.6535707360490672,
      1.6642389330585559,
      1.6431799671311793,
      1.6342750218182756,
      1.6182295033587641,
      1.6149057263902957,
      1.6355101500096652,
      1.6193110510227375,
      1.5400792021161533,
      1.5058509992328382,
      1.5054049658178852,
      1.5752001170063226,
      1.666320763161941,
      1.694487085120834,
      1.7030254958080813,
      1.6942258862201853,
      1.6907712756622142,
      1.7340173922958284,
      1.7548002547510138,
      1.7296025901129908,
      1.719638165354246,
      1.7328746151160972,
      1.7404978240440891,
      1.7633561123902557,
      1.7810637390592694,
      1.7681265097683936,
      1.7670415017854673,
      1.804282617906369,
      1.8164006294389337,
      1.7879586528974314,
      1.7969058382326082,
      1.7943981727806648
    ]
  },
  "winding_resistance": 0.48332208765601686,
  "inductance": null,
  "pid_dq_kp": null,
  "pid_dq_ki": null,
  "torque_bw_hz": null,
  "encoder_filter_bw_hz": null,
  "encoder_filter_kp": null,
  "encoder_filter_ki": null,
  "v_per_hz": 0.41120627450980407,
  "kv": 72.9560852050781,
  "unwrapped_position_scale": 1.0
}
