{
  "timestamp": "2021-04-21 17:20:42.072885",
  "device_info": {
    "serial_number": "AFAAPEhOUA4gNDNW",
    "model": "600",
    "git_hash": "e29d61b2baf4e29c6fffc689d8efe11fa4093b6f",
    "git_dirty": false,
    "git_timestamp": 1610639364
  },
  "calibration": {
    "invert": false,
    "poles": 14,
    "offset": [
      -2.687487452722836,
      -2.6459451064270945,
      -2.630403749341624,
      -2.642961958104988,
      -2.6571651150154487,
      -2.681034057586124,
      -2.6611606672901225,
      -2.631572777490217,
      -2.6394814358248206,
      -2.6682447044611197,
      -2.7035219149691465,
      -2.692402735482865,
      -2.666289653608138,
      -2.6687804511234705,
      -2.6598804605481177,
      -2.6889929026116706,
      -2.670713396493017,
      -2.618105673586365,
      -2.6147632855734657,
      -2.631319754003501,
      -2.6396972611278438,
      -2.6639960125518805,
      -2.621376853181666,
      -2.5788442086461645,
      -2.605392570770511,
      -2.623732540117965,
      -2.650691810285772,
      -2.6396741449759533,
      -2.595357542471126,
      -2.589694978237237,
      -2.6252558425430363,
      -2.6665541146164338,
      -2.6651065152168933,
      -2.6321971807580833,
      -2.6089459279372686,
      -2.6173143828116983,
      -2.6607618740287697,
      -2.6901005070922532,
      -2.662283430400402,
      -2.6331493839495432,
      -2.654018769283306,
      -2.681282111287004,
      -2.7393957983292943,
      -2.7353219372033535,
      -2.6832322997440317,
      -2.659665261309621,
      -2.6770623863525,
      -2.6974539092795506,
      -2.705806401349289,
      -2.6707087269430496,
      -2.6246308675563625,
      -2.619754216232604,
      -2.656320782189433,
      -2.6696879139528407,
      -2.651314469383364,
      -2.6296426385404517,
      -2.615649237524818,
      -2.6314105159822745,
      -2.6794887376392444,
      -2.6547199218126583,
      -2.6220386358163785,
      -2.628567459981799,
      -2.6303336793891616,
      -2.6749979988249635
    ]
  },
  "winding_resistance": 2.3209867657376018,
  "v_per_hz": 0.38060834845735025,
  "kv": 78.82118225097656,
  "unwrapped_position_scale": 1.0
}
