{
  "timestamp": "2021-04-17 17:35:12.478806",
  "device_info": {
    "serial_number": "ACQAP0hOUA4gNDNW",
    "model": "600",
    "git_hash": "e29d61b2baf4e29c6fffc689d8efe11fa4093b6f",
    "git_dirty": false,
    "git_timestamp": 1610639364
  },
  "calibration": {
    "invert": false,
    "poles": 14,
    "offset": [
      2.6841752418172735,
      2.687214833502348,
      2.709446217806445,
      2.7225279588657885,
      2.681932118803481,
      2.6605059700837708,
      2.6634066804837433,
      2.660388212502436,
      2.6578449810279547,
      2.6376859118370137,
      2.596029597000488,
      2.5785006897997462,
      2.5980300070541844,
      2.608158612645489,
      2.592422825803677,
      2.5850336751790715,
      2.5758778467404695,
      2.5945696678443593,
      2.6446790221619594,
      2.669479247008606,
      2.661311777829749,
      2.681710212981589,
      2.690393195384042,
      2.7144146798082125,
      2.745269970618705,
      2.7212833836121115,
      2.68361883840544,
      2.68633436087633,
      2.6860097418255995,
      2.6849093885039315,
      2.6746441964632166,
      2.6441863223023434,
      2.625399289535702,
      2.6533968110372594,
      2.6815161150893965,
      2.6843345646364996,
      2.676228408172131,
      2.6575477650127803,
      2.651394608749009,
      2.68085957640938,
      2.700820529233016,
      2.6691092429961745,
      2.661286428235828,
      2.6594458190278987,
      2.6675708300636325,
      2.6963029928710265,
      2.696146218092773,
      2.6583579846386605,
      2.650338271887158,
      2.6594537422153848,
      2.6638261326740063,
      2.67673647515229,
      2.672977195207428,
      2.6577420943254437,
      2.6790322643569526,
      2.705103124110894,
      2.705998347735259,
      2.6884406027672276,
      2.6715279645249255,
      2.6540837380999496,
      2.6765874723159717,
      2.7056784534830935,
      2.6917697063718924,
      2.6803897304188076
    ]
  },
  "winding_resistance": 0.4958040537175014,
  "v_per_hz": 0.43690666666666667,
  "kv": 68.66455078125,
  "unwrapped_position_scale": 1.0
}
