{
  "timestamp": "2021-04-24 17:39:17.352933",
  "device_info": {
    "serial_number": "ACQAP0hOUA4gNDNW",
    "model": "600",
    "git_hash": "e29d61b2baf4e29c6fffc689d8efe11fa4093b6f",
    "git_dirty": false,
    "git_timestamp": 1610639364
  },
  "calibration": {
    "invert": false,
    "poles": 14,
    "offset": [
      2.599367710071958,
      2.6080392919860045,
      2.6355764145320424,
      2.645384322596336,
      2.609114837219571,
      2.5892668617348185,
      2.598492557680779,
      2.6102040836273637,
      2.6156989976873954,
      2.5885175214305765,
      2.548685333716877,
      2.5263346633285866,
      2.545537401468331,
      2.5609120036430126,
      2.547025789737569,
      2.5332085627924545,
      2.520370091232212,
      2.535236618047226,
      2.5767997935377296,
      2.59728633188908,
      2.5770658999720575,
      2.5775041112883375,
      2.5772057452201054,
      2.5980169060278198,
      2.636128253741345,
      2.6222362609464613,
      2.594161470566786,
      2.5988482006606595,
      2.602619368471831,
      2.6046696943224896,
      2.601316286318529,
      2.572854882785989,
      2.5502602278697215,
      2.5791764284970666,
      2.610622068513478,
      2.6198044123902586,
      2.617315688399371,
      2.6033075883746855,
      2.593229248405707,
      2.6245553222061915,
      2.6477863534393142,
      2.610612757393385,
      2.5874809877153147,
      2.5698362847377423,
      2.558824844549635,
      2.5836920683726445,
      2.601058014627665,
      2.5728488995833843,
      2.5638693355098567,
      2.5811275349832488,
      2.5893493803462087,
      2.608679153866657,
      2.6292474108383233,
      2.629376800878329,
      2.6476689177744555,
      2.6777704748362012,
      2.6792093908587997,
      2.664769395053389,
      2.659160306679972,
      2.641318148232951,
      2.648965596629496,
      2.656323292341782,
      2.620081844905824,
      2.5956769694815813
    ]
  },
  "winding_resistance": 1.0199457228444126,
  "v_per_hz": 0.3927250936329588,
  "kv": 76.38931274414062,
  "unwrapped_position_scale": 1.0
}
