{
  "timestamp": "2021-04-04 00:09:28.393792",
  "device_info": {
    "serial_number": "ACIAKUhOUA4gNDNW",
    "model": "600",
    "git_hash": "e29d61b2baf4e29c6fffc689d8efe11fa4093b6f",
    "git_dirty": false,
    "git_timestamp": 1610639364
  },
  "calibration": {
    "invert": false,
    "poles": 14,
    "offset": [
      2.9006379054504974,
      2.873013112815348,
      2.856845281576436,
      2.8799140022672276,
      2.887805950219748,
      2.8817899955235164,
      2.9044979111067835,
      2.8821228470404283,
      2.9075752206246652,
      2.944063384232385,
      2.9202574923127975,
      2.9003026429585614,
      2.8977885107439545,
      2.884159081570535,
      2.9231214181920055,
      2.9592660907826316,
      2.9285875147973925,
      2.936195694033715,
      2.9417641416778313,
      2.9706629348805564,
      3.0000158590673567,
      2.9848955736741583,
      2.950134539767937,
      2.9305784776877974,
      2.9636274845175947,
      3.0051654225027655,
      2.9868684697338024,
      2.9733598510825323,
      2.9300216601569278,
      2.93037557999686,
      2.9818217000549443,
      3.0177278222368034,
      2.9993885321900438,
      2.988700574400459,
      2.9542320837166414,
      2.9731792527915317,
      3.016544988734662,
      2.998329129995434,
      2.9742375971885147,
      2.9560770037915978,
      2.9464277468856044,
      2.968507052020194,
      2.9862986092489945,
      2.9575167634006925,
      2.9304967973581855,
      2.9333260544332096,
      2.9445014016335542,
      2.959492434975471,
      2.96256582950898,
      2.940173369277633,
      2.9269793662469668,
      2.9550757942819756,
      2.971882437020624,
      2.9619934300153155,
      2.9661780217700193,
      2.926208290123844,
      2.919483822005439,
      2.9490624157147907,
      2.933017889881224,
      2.9085147696298144,
      2.8929145182480713,
      2.8873630960605494,
      2.884992610746966,
      2.9076691108832717
    ]
  },
  "winding_resistance": 0.7248591969717754,
  "v_per_hz": 0.4161015873015873,
  "kv": 72.0977783203125,
  "unwrapped_position_scale": 1.0
}
