{
  "timestamp": "2021-02-26 18:11:16.272352",
  "device_info": {
    "serial_number": "ACIAKUhOUA4gNDNW",
    "model": "600",
    "git_hash": "e29d61b2baf4e29c6fffc689d8efe11fa4093b6f",
    "git_dirty": false,
    "git_timestamp": 1610639364
  },
  "calibration": {
    "invert": true,
    "poles": 14,
    "offset": [
      1.9758503113477024,
      1.966653477255008,
      1.9558755664694043,
      1.9632335264785399,
      1.9710616865255566,
      1.9691365402722478,
      1.9523045435107134,
      1.9515088225654587,
      1.9472897509171925,
      1.9546914122586039,
      1.9714775733231817,
      1.953049739273351,
      1.9490029514133125,
      1.9580755539484305,
      1.9557755192032442,
      1.964790637923275,
      1.975790493111284,
      1.9606002068889912,
      1.967681867478307,
      1.988250528782972,
      1.9921338840404517,
      1.9955518313280527,
      1.9886765428809914,
      1.9802610445749316,
      1.9812632472325136,
      1.9981714173123524,
      1.9994103942965662,
      1.9773105953942112,
      1.9785687423702398,
      1.9715909165379166,
      1.9764368904098844,
      2.001012414727276,
      1.991045054911679,
      1.9549698276615197,
      1.9606203694872935,
      1.9513242746268078,
      1.9472808741370653,
      1.9705694919165142,
      1.9444351981266599,
      1.909192726691599,
      1.9123564179746904,
      1.916596404315305,
      1.9157183604774033,
      1.931014017508787,
      1.9398293483372926,
      1.923952873553907,
      1.932049682845948,
      1.9482218808084417,
      1.932738080044216,
      1.9366074240966749,
      1.960455942345842,
      1.9687387028936127,
      1.9820293421395965,
      2.0035990121788254,
      1.9753609235554555,
      1.9720432753285744,
      1.9855335741435147,
      1.9911573449335724,
      2.008608744517805,
      2.017396909477717,
      2.005470082074058,
      2.004305074182411,
      2.0101264091152333,
      1.9959908019495345
    ]
  },
  "winding_resistance": 0.4999509157814347,
  "v_per_hz": 0.36157793103448277,
  "kv": 82.96966552734375,
  "unwrapped_position_scale": 1.0
}
