{
  "timestamp": "2021-03-09 20:27:28.620918",
  "device_info": {
    "serial_number": "ACIAKUhOUA4gNDNW",
    "model": "600",
    "git_hash": "e29d61b2baf4e29c6fffc689d8efe11fa4093b6f",
    "git_dirty": false,
    "git_timestamp": 1610639364
  },
  "calibration": {
    "invert": false,
    "poles": 14,
    "offset": [
      -0.4817350794243028,
      -0.4387051950746417,
      -0.4343564055121164,
      -0.475934676386299,
      -0.49220283722800484,
      -0.48867818908731675,
      -0.45998648948987086,
      -0.42981548269050024,
      -0.43638163872060887,
      -0.47223927444770575,
      -0.4818805001146189,
      -0.4539746715921226,
      -0.43079686875417056,
      -0.43483853736997546,
      -0.43412222123990357,
      -0.4738389472623235,
      -0.4501197870840675,
      -0.41117806154804853,
      -0.416477673560121,
      -0.410258254455967,
      -0.400310814023446,
      -0.4110364011013532,
      -0.3907000576592573,
      -0.3652145954940493,
      -0.3994162749888618,
      -0.4194087728525868,
      -0.41529210850451154,
      -0.39780431552726553,
      -0.3761636949949517,
      -0.387376450229812,
      -0.40037115121190964,
      -0.40519056816853966,
      -0.3872182648655024,
      -0.3775979970337146,
      -0.39648176740999674,
      -0.4295484395830773,
      -0.4720033898993156,
      -0.45565229190124124,
      -0.42537323179136627,
      -0.4401301932275853,
      -0.49302932906075164,
      -0.5169716831051534,
      -0.556177938340181,
      -0.5175548207182297,
      -0.45120916424013585,
      -0.45685790559532985,
      -0.47956130215710496,
      -0.48464344064517223,
      -0.4853040224386042,
      -0.45973955395209787,
      -0.44004313670542805,
      -0.4645914141391133,
      -0.5022160473582776,
      -0.4937409271791489,
      -0.4698693120880077,
      -0.4601820884016025,
      -0.4626762104173044,
      -0.4783825818690787,
      -0.509017819028702,
      -0.4829883097002752,
      -0.4561107736007031,
      -0.4905049159108207,
      -0.4858034885535652,
      -0.4913356287590057
    ]
  },
  "winding_resistance": 0.7769185030675679,
  "v_per_hz": 0.421114859437751,
  "kv": 71.23947143554688,
  "unwrapped_position_scale": 1.0
}
