{
  "timestamp": "2021-03-09 20:26:28.830892",
  "device_info": {
    "serial_number": "ACIAKUhOUA4gNDNW",
    "model": "600",
    "git_hash": "e29d61b2baf4e29c6fffc689d8efe11fa4093b6f",
    "git_dirty": false,
    "git_timestamp": 1610639364
  },
  "calibration": {
    "invert": false,
    "poles": 14,
    "offset": [
      -0.4872885777289607,
      -0.45573862484487054,
      -0.45652311285929564,
      -0.49530162170355535,
      -0.50182288118819,
      -0.489597079752706,
      -0.4532262572103991,
      -0.43191852960276655,
      -0.45015567388954775,
      -0.4815709910546655,
      -0.4856430449475841,
      -0.4508061015356278,
      -0.4222117857900142,
      -0.4445754231669297,
      -0.4622282837420047,
      -0.48655936342353867,
      -0.45182093520406463,
      -0.4022722001324524,
      -0.3895152683383923,
      -0.3960941375723728,
      -0.4321917339787896,
      -0.4542191838402934,
      -0.41786863155598764,
      -0.3839137898378098,
      -0.4101384944642696,
      -0.4231877528789382,
      -0.4326381771968235,
      -0.4318175895451596,
      -0.40531505329782513,
      -0.40779672212503537,
      -0.43502379273529684,
      -0.4565927629919937,
      -0.43834577908721195,
      -0.41491425365625667,
      -0.4077936847184458,
      -0.4211208508231502,
      -0.4549552896031535,
      -0.4518477005219029,
      -0.4285303380845923,
      -0.4246630747957536,
      -0.4467299118462628,
      -0.46229346908545976,
      -0.5026533988961849,
      -0.4694383063664837,
      -0.4087500362311468,
      -0.42011957267646544,
      -0.4391717810052952,
      -0.4626226268666355,
      -0.5011353481554848,
      -0.5081083807172655,
      -0.491279716016557,
      -0.5076761794031119,
      -0.5253802760249978,
      -0.4957405610851873,
      -0.46514417893442217,
      -0.4522221651124578,
      -0.4480219532789961,
      -0.46151250451811315,
      -0.4920582334904082,
      -0.4706065116789249,
      -0.4541280632944984,
      -0.4897522525081758,
      -0.4831633223160506,
      -0.4895298865124427
    ]
  },
  "winding_resistance": 0.7641241293188106,
  "v_per_hz": 0.35305589225589223,
  "kv": 84.97238159179688,
  "unwrapped_position_scale": 1.0
}
