{
  "timestamp": "2021-04-05 00:44:08.200357",
  "device_info": {
    "serial_number": "AE4ASEhOUA4gNDNW",
    "model": "600",
    "git_hash": "e29d61b2baf4e29c6fffc689d8efe11fa4093b6f",
    "git_dirty": false,
    "git_timestamp": 1610639364
  },
  "calibration": {
    "invert": false,
    "poles": 14,
    "offset": [
      -2.9635140330563834,
      -2.9774671593728135,
      -2.9392722533978097,
      -2.9394450871424103,
      -2.9492308364453654,
      -2.9397993856692772,
      -2.980112361675929,
      -2.9606856311979555,
      -2.924064278341097,
      -2.9389463583821054,
      -2.9402421199922752,
      -2.959526351219123,
      -2.967608655550959,
      -2.937582068656882,
      -2.920026772819956,
      -2.9183781485665863,
      -2.937902683943771,
      -2.947693868737501,
      -2.931813402344135,
      -2.9289985885372216,
      -2.924465265961255,
      -2.9307257883119378,
      -2.969465966925575,
      -2.9413086954972423,
      -2.9208222804780766,
      -2.934767131660449,
      -2.9193282141577597,
      -2.9552667130867114,
      -2.9667988816308437,
      -2.9309495658036298,
      -2.930849398363294,
      -2.937455602733269,
      -2.9393858998160067,
      -2.964780804893035,
      -2.945398555949219,
      -2.92714925110537,
      -2.9372850477797927,
      -2.95448726306011,
      -2.9857547851755766,
      -2.9759249806255315,
      -2.9644563125284673,
      -2.9634246112266607,
      -2.952257032750736,
      -2.988759002396111,
      -2.981845425356127,
      -2.9500372222377647,
      -2.961498610554098,
      -2.9583650809899664,
      -2.964258926758929,
      -2.9952808043657457,
      -2.9582011196457163,
      -2.9357790152777468,
      -2.956052489393976,
      -2.952911170589574,
      -2.979277172696105,
      -2.9801366609718527,
      -2.958109626743912,
      -2.957039621258882,
      -2.9625073103790713,
      -2.9805893920726145,
      -2.969533226449876,
      -2.946915204786143,
      -2.9497058893316486,
      -2.9374220822230956
    ]
  },
  "winding_resistance": 1.6596870349502475,
  "v_per_hz": 0.3942015037593985,
  "kv": 76.10321044921875,
  "unwrapped_position_scale": 1.0
}
