{
  "timestamp": "2021-02-26 17:48:54.512686",
  "device_info": {
    "serial_number": "ACIAKUhOUA4gNDNW",
    "model": "600",
    "git_hash": "e29d61b2baf4e29c6fffc689d8efe11fa4093b6f",
    "git_dirty": false,
    "git_timestamp": 1610639364
  },
  "calibration": {
    "invert": true,
    "poles": 14,
    "offset": [
      1.9880015357662466,
      1.964899145208841,
      1.9582691303018143,
      1.9718123986891936,
      2.0065617123532644,
      2.015535315313621,
      1.997274770228543,
      1.9885072739664118,
      1.974315301144817,
      1.9653922489094142,
      1.9821936498025077,
      1.9641006773118304,
      1.9596560904484719,
      1.9676783017070092,
      1.9650128882126974,
      1.9720288907301575,
      1.9816156427905869,
      1.9662207863800456,
      1.972704410831444,
      1.9931023887367445,
      1.9957508481002453,
      1.9993829847688658,
      1.991027507809908,
      1.9818306982595262,
      1.9828079388887847,
      1.9998126981091124,
      2.002015479761648,
      1.9812484499053142,
      1.983832255648981,
      1.9782163474979226,
      1.9823968099322546,
      2.007143451624691,
      1.9967816629371993,
      1.962370621157537,
      1.9684412635498791,
      1.958726290256301,
      1.954152762784278,
      1.9765125387691969,
      1.9505536929753453,
      1.9151234396524892,
      1.918841210255103,
      1.9232032165012318,
      1.9221516163841683,
      1.9378930844972633,
      1.9464848124602314,
      1.931104345884515,
      1.9394159011176044,
      1.9552793740114516,
      1.9388916520178225,
      1.9425080126183953,
      1.9656096817372684,
      1.972273177713566,
      1.9855555294881189,
      2.008049490397467,
      1.9816821443154087,
      1.9808016768702696,
      1.9951566500267277,
      2.0022679388542346,
      2.01872671685074,
      2.021795473569398,
      2.0147705443721247,
      2.01835654581061,
      2.0255352853412623,
      2.0141049118695675
    ]
  },
  "winding_resistance": 0.4624504369013366,
  "v_per_hz": 0.3692169014084507,
  "kv": 81.2530517578125,
  "unwrapped_position_scale": 1.0
}
