{
  "timestamp": "2021-03-09 03:37:36.636956",
  "device_info": {
    "serial_number": "ACIAKUhOUA4gNDNW",
    "model": "600",
    "git_hash": "e29d61b2baf4e29c6fffc689d8efe11fa4093b6f",
    "git_dirty": false,
    "git_timestamp": 1610639364
  },
  "calibration": {
    "invert": true,
    "poles": 14,
    "offset": [
      2.016268523125929,
      2.001107046337649,
      1.9855062980593865,
      1.993940796351374,
      2.006556190015366,
      2.006995722963561,
      1.9902772690451653,
      1.9889271527028887,
      1.9827777467704937,
      1.9877416717737035,
      2.002056132644251,
      1.9885206993333282,
      1.9862608015277938,
      1.9917215194471642,
      1.9871024878352825,
      1.995165076381706,
      2.001753496826953,
      1.9882713940057934,
      2.0020458053172576,
      2.021019852517738,
      2.0239045826082758,
      2.02548684018589,
      2.012304078398077,
      1.999768530736817,
      2.009312040948994,
      2.029668367419792,
      2.033138693663001,
      2.0115400591628547,
      2.011293908235677,
      2.001451833518451,
      2.014058179107256,
      2.0437696337332643,
      2.03218857387431,
      1.9950161031587832,
      1.9947172036953023,
      1.9765634013067774,
      1.9774367834529252,
      2.004978830797073,
      1.9716819901363243,
      1.9285894754607247,
      1.932844258025155,
      1.9335649107311579,
      1.9368134328753588,
      1.9583340085920478,
      1.968539780330455,
      1.9392211351856419,
      1.9518279333297603,
      1.9676975397337944,
      1.9557766146555757,
      1.9493998264078543,
      1.9559723703138752,
      1.9414466425462598,
      1.946326544105562,
      1.959996231771813,
      1.9389315269465448,
      1.9477169183832896,
      1.9663014778176884,
      1.9692571540714057,
      1.9840480170095156,
      1.9808110508360934,
      1.9720863321651618,
      1.9852096590200894,
      2.006443515512873,
      2.0153272807414426
    ]
  },
  "winding_resistance": 0.7492898754834278,
  "v_per_hz": 0.5053378313253012,
  "kv": 59.36622619628906,
  "unwrapped_position_scale": 1.0
}
