{
  "timestamp": "2021-03-09 20:25:37.980844",
  "device_info": {
    "serial_number": "ACIAKUhOUA4gNDNW",
    "model": "600",
    "git_hash": "e29d61b2baf4e29c6fffc689d8efe11fa4093b6f",
    "git_dirty": false,
    "git_timestamp": 1610639364
  },
  "calibration": {
    "invert": false,
    "poles": 14,
    "offset": [
      -0.5010704003096988,
      -0.45307136123931596,
      -0.445294027714062,
      -0.4816364550858717,
      -0.4808258142927536,
      -0.4768305739117907,
      -0.4536535531294882,
      -0.42225141961953994,
      -0.43956920132324767,
      -0.4789910166033079,
      -0.487531252540534,
      -0.45689602891907993,
      -0.4258815313860101,
      -0.4325367718698533,
      -0.4426049734310777,
      -0.47756402013004,
      -0.45644286914649623,
      -0.4084643354044303,
      -0.3876894345280599,
      -0.3775677516245835,
      -0.37327376181365435,
      -0.3770431889670843,
      -0.37311320955897803,
      -0.36006022112420927,
      -0.3876834299256269,
      -0.4307013693794259,
      -0.4562169562028272,
      -0.45424809917197384,
      -0.4347765388374262,
      -0.4450613291114852,
      -0.45030615462838286,
      -0.44592886999070286,
      -0.4255240447838453,
      -0.4012707778800967,
      -0.4137779643591796,
      -0.4298007868532608,
      -0.46482254624538205,
      -0.4662772848542568,
      -0.4399327371179204,
      -0.4333931323147652,
      -0.4790231198618225,
      -0.49865016376186144,
      -0.5451293836496981,
      -0.5222704658129437,
      -0.46757864847622316,
      -0.4746709854356035,
      -0.47876413990891775,
      -0.4863731280471862,
      -0.49070883637233503,
      -0.469845188863171,
      -0.4488562555695495,
      -0.4696860416655601,
      -0.4992333459839041,
      -0.49640081788825124,
      -0.47913167049838723,
      -0.4751502905106778,
      -0.4760685197028997,
      -0.47645028680861395,
      -0.49181430371422685,
      -0.4528935593440314,
      -0.42731633257020074,
      -0.4662592362815719,
      -0.4693408715732418,
      -0.49907590239001465
    ]
  },
  "winding_resistance": 0.5067412053132391,
  "v_per_hz": 0.39643705103969756,
  "kv": 75.67405700683594,
  "unwrapped_position_scale": 1.0
}
