{
  "timestamp": "2021-03-09 03:39:29.238327",
  "device_info": {
    "serial_number": "ACIAKUhOUA4gNDNW",
    "model": "600",
    "git_hash": "e29d61b2baf4e29c6fffc689d8efe11fa4093b6f",
    "git_dirty": false,
    "git_timestamp": 1610639364
  },
  "calibration": {
    "invert": true,
    "poles": 14,
    "offset": [
      2.0077500154975176,
      1.9958106831271867,
      1.9814500868108764,
      1.97859107566093,
      1.99144990509369,
      1.999013854222095,
      1.9737887718628078,
      1.9758648887533174,
      1.9719193586563313,
      1.967525011389044,
      1.9849523028001521,
      1.9824632196339695,
      1.977252419052874,
      1.9873584616553879,
      1.996250376411607,
      2.0024485213562233,
      2.004471201082557,
      1.9901655430174594,
      1.994402508232951,
      2.000064159879578,
      1.995216681955807,
      1.9737234158936643,
      1.9248648803673176,
      1.9021502638166805,
      1.9045426469104298,
      1.920645404903512,
      1.9295918569354542,
      1.910720482661994,
      1.8982214037917031,
      1.903258423620705,
      1.9429636204963177,
      1.9930341549240644,
      1.9883495889059843,
      1.9532328313788958,
      1.9408064900342221,
      1.916302874950264,
      1.9103877358310966,
      1.9392068116454697,
      1.8974755347950085,
      1.8491365776042878,
      1.8501054995305493,
      1.870663338196491,
      1.8784844533255116,
      1.8962543393183466,
      1.916250572797495,
      1.895787553084968,
      1.9108813296574068,
      1.9422123512573228,
      1.937861142055767,
      1.9305764725184555,
      1.9356718750096877,
      1.9172245724253594,
      1.9153924520069914,
      1.931899577221061,
      1.9066748966329121,
      1.9276972334002482,
      1.958768548229235,
      1.966070798214322,
      1.9844068444556988,
      1.9815855059011453,
      1.9616029391940846,
      1.9681451332784476,
      1.993004893220271,
      2.003485633231448
    ]
  },
  "winding_resistance": 0.5591553231815455,
  "v_per_hz": 0.3758336917562724,
  "kv": 79.82254028320312,
  "unwrapped_position_scale": 1.0
}
