{
  "timestamp": "2021-04-05 00:46:16.650352",
  "device_info": {
    "serial_number": "AE4ASEhOUA4gNDNW",
    "model": "600",
    "git_hash": "e29d61b2baf4e29c6fffc689d8efe11fa4093b6f",
    "git_dirty": false,
    "git_timestamp": 1610639364
  },
  "calibration": {
    "invert": false,
    "poles": 14,
    "offset": [
      3.2768630730079953,
      3.2615937083120863,
      3.3019379830512188,
      3.313833646793045,
      3.3060116813610176,
      3.3141672986485617,
      3.2740443459270443,
      3.2820527072670744,
      3.3155646168164177,
      3.3015003318422447,
      3.2981213684743493,
      3.2807336926054154,
      3.268147411965924,
      3.298321244863671,
      3.3186863491169407,
      3.3238104932016106,
      3.308497208176562,
      3.2948613704000964,
      3.3106777791264146,
      3.314610122561703,
      3.3176254161441587,
      3.3163153491377515,
      3.2748505266366723,
      3.3002880271687904,
      3.324651391564983,
      3.3107102874032224,
      3.3266789100655045,
      3.2937658543888286,
      3.2783586551944492,
      3.3161023054240255,
      3.3183949134585227,
      3.3098867358027353,
      3.310645063567154,
      3.2803679024599077,
      3.296511067180031,
      3.316799036744618,
      3.307861144552291,
      3.2914138493548446,
      3.2584448611838432,
      3.2662239937176363,
      3.2781071912455237,
      3.2797727676007518,
      3.2926460450643384,
      3.2575357817704065,
      3.2572331051517813,
      3.2899350998021983,
      3.2826139138081984,
      3.2880749743459328,
      3.2942299663008963,
      3.2589852220508124,
      3.288962485201441,
      3.3100056691773867,
      3.2840027540267815,
      3.28178631002813,
      3.2608418357865285,
      3.2598529381690473,
      3.282123340064877,
      3.2842421407567906,
      3.278811838741378,
      3.259117840897284,
      3.2669777429701234,
      3.2896900410417826,
      3.288900884393954,
      3.2979595373413364
    ]
  },
  "winding_resistance": 0.5629781834271288,
  "v_per_hz": 0.34721059602649007,
  "kv": 86.40289306640625,
  "unwrapped_position_scale": 1.0
}
