{
  "timestamp": "2021-04-05 00:49:17.363299",
  "device_info": {
    "serial_number": "AE4ASEhOUA4gNDNW",
    "model": "600",
    "git_hash": "e29d61b2baf4e29c6fffc689d8efe11fa4093b6f",
    "git_dirty": false,
    "git_timestamp": 1610639364
  },
  "calibration": {
    "invert": false,
    "poles": 14,
    "offset": [
      3.246732561759731,
      3.2234527996504974,
      3.2640944038811606,
      3.274389650299032,
      3.2636633319095267,
      3.2795781235213903,
      3.2438387294243656,
      3.2484052657163227,
      3.289412658024494,
      3.278253872431932,
      3.2720591557249104,
      3.2520881925997767,
      3.238819190793596,
      3.2663067505678445,
      3.2849727482150843,
      3.2894623044806446,
      3.276773284868014,
      3.260589789523138,
      3.2756518777927384,
      3.2817785184923913,
      3.2824248782934524,
      3.281899340396279,
      3.2430108709573964,
      3.2652063809054037,
      3.289773524288525,
      3.2774361751561276,
      3.2907945973100556,
      3.260370808845636,
      3.2404726613711134,
      3.274699380858463,
      3.279150555656876,
      3.2691408439341556,
      3.270243260020746,
      3.2424296811592948,
      3.259048096115183,
      3.2808537003018476,
      3.2721343764550705,
      3.2574027239300434,
      3.225202313330248,
      3.233019601586124,
      3.2493395155152944,
      3.2529305342313792,
      3.266077248267871,
      3.2318849745426146,
      3.226609189683366,
      3.259268637268031,
      3.2508146046098423,
      3.248433694971517,
      3.2499632006821986,
      3.2138847782847897,
      3.2452594908958323,
      3.2736470849913064,
      3.254747986023439,
      3.257189566126873,
      3.233613383982982,
      3.2270108495147007,
      3.247643642660305,
      3.2499209369368836,
      3.2422455856966734,
      3.222985533606343,
      3.230142013266928,
      3.255081661612225,
      3.256587789370936,
      3.266137695220957
    ]
  },
  "winding_resistance": 0.5407763272935594,
  "v_per_hz": 0.34721059602649007,
  "kv": 86.40289306640625,
  "unwrapped_position_scale": 1.0
}
