{
  "timestamp": "2021-03-09 03:27:45.577074",
  "device_info": {
    "serial_number": "AE4ASEhOUA4gNDNW",
    "model": "600",
    "git_hash": "e29d61b2baf4e29c6fffc689d8efe11fa4093b6f",
    "git_dirty": false,
    "git_timestamp": 1610639364
  },
  "calibration": {
    "invert": false,
    "poles": 14,
    "offset": [
      -2.779049574245918,
      -2.7751516763907023,
      -2.7334010814540233,
      -2.7320906347719633,
      -2.721424235408018,
      -2.735140480497227,
      -2.745619087178862,
      -2.7107728853840367,
      -2.687857537111441,
      -2.7074886979317863,
      -2.7404154745096325,
      -2.796263324187192,
      -2.7861893378681826,
      -2.760703902235255,
      -2.7322895963061877,
      -2.717152695194784,
      -2.743015885079189,
      -2.7422523536061774,
      -2.7241852971204166,
      -2.7238393138548007,
      -2.702280684743443,
      -2.7161096581196156,
      -2.7341106789208283,
      -2.7085195324889195,
      -2.7115623838620966,
      -2.7245778726628744,
      -2.7288591753229996,
      -2.77097009196014,
      -2.7393138124247054,
      -2.7037033903545664,
      -2.715572725931973,
      -2.7140006985547003,
      -2.740590398279009,
      -2.7465376005747335,
      -2.710996174521025,
      -2.7044719749916504,
      -2.715783950282562,
      -2.756305592297264,
      -2.790598417055862,
      -2.762068812747932,
      -2.735080760455589,
      -2.720830885288351,
      -2.7135307744635413,
      -2.7635023893380644,
      -2.7556452306246433,
      -2.7364112803512466,
      -2.7523649383772844,
      -2.750551441375019,
      -2.784850505727385,
      -2.7891686209296114,
      -2.748720038693686,
      -2.7386356579839606,
      -2.7422318650716138,
      -2.7500644058352943,
      -2.7849555651019386,
      -2.770398004712218,
      -2.746994457680632,
      -2.749770753065955,
      -2.7630656099802846,
      -2.784241706324299,
      -2.7595516565117024,
      -2.7391096166506825,
      -2.7442615325732533,
      -2.7369538260668214
    ]
  },
  "winding_resistance": 1.165853235210858,
  "v_per_hz": 0.44337251585623677,
  "kv": 67.66319274902344,
  "unwrapped_position_scale": 1.0
}
