{
  "timestamp": "2021-04-05 00:47:29.010235",
  "device_info": {
    "serial_number": "AE4ASEhOUA4gNDNW",
    "model": "600",
    "git_hash": "e29d61b2baf4e29c6fffc689d8efe11fa4093b6f",
    "git_dirty": false,
    "git_timestamp": 1610639364
  },
  "calibration": {
    "invert": false,
    "poles": 14,
    "offset": [
      3.267075549196032,
      3.2453739856084467,
      3.2821881214685127,
      3.2880512995497355,
      3.276053211581686,
      3.2891425961562106,
      3.2515146688207595,
      3.264637206187559,
      3.304171805818942,
      3.292299019842646,
      3.2872606906154633,
      3.268676521390994,
      3.2553951918421293,
      3.2833603565241383,
      3.3042712266867413,
      3.3093141083484436,
      3.295568416495776,
      3.2842042597750196,
      3.301618347512339,
      3.308271143903409,
      3.309932395503552,
      3.3082956285757987,
      3.2695255310514115,
      3.2897940660750775,
      3.310117840291058,
      3.297643492283233,
      3.307863502860233,
      3.272951896914992,
      3.2591094260210993,
      3.2957086616202886,
      3.2991907632314965,
      3.2928646543596685,
      3.2946427537641427,
      3.26456711695104,
      3.2829854662627387,
      3.304352900474774,
      3.296962727297385,
      3.2824879836801824,
      3.2508452613394394,
      3.2564699772594072,
      3.266924976782531,
      3.2682089067951177,
      3.279941265098153,
      3.244834830398028,
      3.245458611228195,
      3.2796957188651557,
      3.2722327416188817,
      3.2743835271868806,
      3.277634411014992,
      3.240001026716016,
      3.270681542797585,
      3.2954955753274584,
      3.2752354658881195,
      3.2786607627265827,
      3.2589111164201023,
      3.2555120526704817,
      3.276952640461198,
      3.2771229468777143,
      3.268071235396291,
      3.248000282125686,
      3.2559148958328956,
      3.2782244465282284,
      3.2787976819170592,
      3.2889245123990967
    ]
  },
  "winding_resistance": 1.2393708458893589,
  "v_per_hz": 0.36599511343804536,
  "kv": 81.96830749511719,
  "unwrapped_position_scale": 1.0
}
