{
  "timestamp": "2021-04-04 00:02:39.713819",
  "device_info": {
    "serial_number": "ACIAKUhOUA4gNDNW",
    "model": "600",
    "git_hash": "e29d61b2baf4e29c6fffc689d8efe11fa4093b6f",
    "git_dirty": false,
    "git_timestamp": 1610639364
  },
  "calibration": {
    "invert": false,
    "poles": 14,
    "offset": [
      2.957980503174978,
      2.9243813210553187,
      2.9186129879661276,
      2.944301593478148,
      2.9527225817253924,
      2.950765054091063,
      2.971714198103827,
      2.9478949932223997,
      2.9749437520953586,
      3.0112804821594317,
      2.97653562516947,
      2.954246640274276,
      2.954249351089146,
      2.9639356114983304,
      3.009766495427222,
      3.0468649187442653,
      3.015986723415071,
      3.0109148850430314,
      3.009427968967387,
      3.040405842167395,
      3.0627586425631512,
      3.0411089802162095,
      3.0131508599473658,
      2.9884162742285847,
      3.0040003661187025,
      3.0400929143097857,
      3.0259079564488087,
      3.0133945511257902,
      2.9904981990428308,
      3.010116002737066,
      3.049394752091805,
      3.06369005001658,
      3.0456818012781213,
      3.0343115656093036,
      3.008819618405508,
      3.040747606484501,
      3.0773810931974825,
      3.0507838924330843,
      3.0432080353223374,
      3.0327587459057206,
      3.0340515296239325,
      3.0635761864494753,
      3.060292105808282,
      3.0222879010476014,
      3.0053146558176724,
      3.0056579134235935,
      3.022590030040483,
      3.0484059168546964,
      3.0391847566077375,
      3.0109418309796125,
      3.0161190383672727,
      3.036657851410976,
      3.0413618479312365,
      3.019536479191974,
      3.0091552981818093,
      2.970286764292053,
      2.988636102111621,
      3.0355452102298335,
      3.025229292285746,
      2.99203462008643,
      2.9625822040118326,
      2.947561100309077,
      2.947622139528863,
      2.9672976826630233
    ]
  },
  "winding_resistance": 0.33491781051905817,
  "v_per_hz": 0.43599833679833677,
  "kv": 68.80760192871094,
  "unwrapped_position_scale": 1.0
}
