{
  "timestamp": "2021-04-05 00:09:20.084000",
  "device_info": {
    "serial_number": "ACIAKUhOUA4gNDNW",
    "model": "600",
    "git_hash": "e29d61b2baf4e29c6fffc689d8efe11fa4093b6f",
    "git_dirty": false,
    "git_timestamp": 1610639364
  },
  "calibration": {
    "invert": false,
    "poles": 14,
    "offset": [
      -1.6139331907216863,
      -1.6053558915773058,
      -1.6260931694703613,
      -1.6321588331700485,
      -1.6269901378620022,
      -1.6202140373795813,
      -1.5861292214058067,
      -1.595256884378938,
      -1.6053538033735444,
      -1.5650780738851446,
      -1.5543662967205587,
      -1.5404498059917906,
      -1.5256117811047654,
      -1.549648295309052,
      -1.5309286120762717,
      -1.49826565903849,
      -1.4886915859953922,
      -1.4897659032572401,
      -1.5093328462036681,
      -1.5123922347269374,
      -1.4702491865481013,
      -1.4293604737124042,
      -1.4095424866426616,
      -1.4286324936896015,
      -1.4404025535186908,
      -1.4430320069658438,
      -1.426870123742282,
      -1.3889736125007757,
      -1.4040844047743377,
      -1.4459730099557633,
      -1.4445124856532356,
      -1.4616660654792286,
      -1.4631408552201572,
      -1.4522234136871597,
      -1.48279062727587,
      -1.4986339713504584,
      -1.4710161146623846,
      -1.477723018027187,
      -1.4811500638537303,
      -1.4754559725637584,
      -1.5001256727089982,
      -1.5068044809917542,
      -1.4972155301990464,
      -1.4979608528533797,
      -1.548716112863501,
      -1.5898267130810508,
      -1.5735682573206262,
      -1.5843430808565042,
      -1.5610211418875042,
      -1.526113365165956,
      -1.5580588914598308,
      -1.5662086820911367,
      -1.5411483036173714,
      -1.55735655954859,
      -1.5543872290067895,
      -1.5682122546158248,
      -1.6095965559420284,
      -1.5908698015839473,
      -1.5775549369687885,
      -1.5770510895897651,
      -1.5970197955145395,
      -1.63031258866088,
      -1.6441920001021053,
      -1.6348576282623684
    ]
  },
  "winding_resistance": 0.7642951149454696,
  "v_per_hz": 0.4202709418837675,
  "kv": 71.38252258300781,
  "unwrapped_position_scale": 1.0
}
