{
  "timestamp": "2021-04-05 00:17:08.270204",
  "device_info": {
    "serial_number": "ACIAKUhOUA4gNDNW",
    "model": "600",
    "git_hash": "e29d61b2baf4e29c6fffc689d8efe11fa4093b6f",
    "git_dirty": false,
    "git_timestamp": 1610639364
  },
  "calibration": {
    "invert": false,
    "poles": 14,
    "offset": [
      -1.6161816888612557,
      -1.611642520987335,
      -1.6344026386720836,
      -1.641699653060979,
      -1.6370803155106617,
      -1.63148292285422,
      -1.5965154231050813,
      -1.6070002741605591,
      -1.617223827629361,
      -1.5760468108978305,
      -1.556226892986355,
      -1.5162680971367835,
      -1.4854106153829512,
      -1.4891679141765155,
      -1.4653992728368235,
      -1.448924187168467,
      -1.461140166983448,
      -1.4640033985748884,
      -1.4702408147726445,
      -1.474373261895889,
      -1.4380394038756972,
      -1.3998842917092742,
      -1.4036502781611362,
      -1.4421185657928504,
      -1.4507519593910931,
      -1.449365381485546,
      -1.4295347604635673,
      -1.3887205933640128,
      -1.403001593535622,
      -1.44334738540511,
      -1.443759890120076,
      -1.4589855875105622,
      -1.4564816189977168,
      -1.4419943992030235,
      -1.4693479531811346,
      -1.4828187507212325,
      -1.455351022822941,
      -1.4634768160040283,
      -1.467289177121805,
      -1.4598569755509838,
      -1.4826545165262468,
      -1.4884563509039488,
      -1.4780821829060011,
      -1.481805026782056,
      -1.5357918584216728,
      -1.5791039739725221,
      -1.565395867122136,
      -1.5773822600886966,
      -1.555158693891634,
      -1.5249974794298893,
      -1.5636646828507001,
      -1.578446832621675,
      -1.5547881560103511,
      -1.5707082899709015,
      -1.5655317236213528,
      -1.577793374289866,
      -1.6193057160892843,
      -1.604972370727819,
      -1.5974964205600939,
      -1.5988575517349342,
      -1.613653754378166,
      -1.6424167272175727,
      -1.6493882068628953,
      -1.63608702690003
    ]
  },
  "winding_resistance": 0.5945379871525963,
  "v_per_hz": 0.4549136659436009,
  "kv": 65.94657897949219,
  "unwrapped_position_scale": 1.0
}
