{
  "timestamp": "2021-03-09 03:41:07.613383",
  "device_info": {
    "serial_number": "AE4ASEhOUA4gNDNW",
    "model": "600",
    "git_hash": "e29d61b2baf4e29c6fffc689d8efe11fa4093b6f",
    "git_dirty": false,
    "git_timestamp": 1610639364
  },
  "calibration": {
    "invert": false,
    "poles": 14,
    "offset": [
      -2.832748760098833,
      -2.815763738659732,
      -2.765966181230637,
      -2.7744147578039415,
      -2.7757981105912632,
      -2.796216553978119,
      -2.835257479114181,
      -2.800194341323223,
      -2.760827305215172,
      -2.7747189334843725,
      -2.781052548414962,
      -2.8142449396842726,
      -2.809150345282078,
      -2.770459540148113,
      -2.748709298806684,
      -2.7457085356008295,
      -2.7746026435144646,
      -2.782150695041834,
      -2.7666596070020204,
      -2.7602544311140202,
      -2.7455981786390042,
      -2.7661313814229844,
      -2.7938781460698525,
      -2.7602273638918056,
      -2.748995915042201,
      -2.758653894204801,
      -2.7438088599411863,
      -2.7909189803715577,
      -2.780066943300609,
      -2.743086976766488,
      -2.7521727876263733,
      -2.740207279341083,
      -2.7495201984321507,
      -2.7867709695820517,
      -2.7599327258807365,
      -2.7555178739547914,
      -2.788662494474942,
      -2.812724285852751,
      -2.831558281573004,
      -2.8128142786143777,
      -2.7923304059502105,
      -2.786148847461679,
      -2.7832670492289093,
      -2.8266411381625054,
      -2.80903938864226,
      -2.7790014958842466,
      -2.7864684089015013,
      -2.7721690578121385,
      -2.8029832497113363,
      -2.820474332948511,
      -2.7831993119985925,
      -2.7728487592222146,
      -2.78874848564167,
      -2.7924618124191394,
      -2.833039346906684,
      -2.82562419126323,
      -2.8060082842495087,
      -2.8093089363169765,
      -2.809804965736064,
      -2.823105411637258,
      -2.8062004012079464,
      -2.7908397868292956,
      -2.7948522579280177,
      -2.795693989484707
    ]
  },
  "winding_resistance": 2.269481627293449,
  "v_per_hz": 0.43599833679833677,
  "kv": 68.80760192871094,
  "unwrapped_position_scale": 1.0
}
