{
  "timestamp": "2021-04-05 00:11:18.282472",
  "device_info": {
    "serial_number": "ACIAKUhOUA4gNDNW",
    "model": "600",
    "git_hash": "e29d61b2baf4e29c6fffc689d8efe11fa4093b6f",
    "git_dirty": false,
    "git_timestamp": 1610639364
  },
  "calibration": {
    "invert": false,
    "poles": 14,
    "offset": [
      -1.589452534247653,
      -1.5781631412028507,
      -1.5957575562930375,
      -1.6009821900648948,
      -1.5900784380448691,
      -1.5839665816716366,
      -1.5590050716983401,
      -1.567749185298142,
      -1.5766452659888461,
      -1.5431549364454893,
      -1.532364555009256,
      -1.5222432928863356,
      -1.5236210803680743,
      -1.540376388791972,
      -1.5170555266441268,
      -1.4830536770453726,
      -1.4692518555481822,
      -1.4616408166185613,
      -1.485648458624995,
      -1.487416172931039,
      -1.4430549805883215,
      -1.404210383109019,
      -1.3927040801097728,
      -1.4110094504247503,
      -1.4293685026303786,
      -1.4397073875736008,
      -1.4264850279543133,
      -1.3848749778229683,
      -1.4040303099036473,
      -1.430867949457013,
      -1.4057804386042683,
      -1.4242873063321315,
      -1.4284291391047588,
      -1.4147444529087878,
      -1.4699430330299614,
      -1.5034574285971836,
      -1.485853875830174,
      -1.4985418043808802,
      -1.5269730256709646,
      -1.5470882135144535,
      -1.57983896726053,
      -1.5818976305969452,
      -1.5745942179326564,
      -1.56993435987779,
      -1.6075568781549812,
      -1.6604854528994573,
      -1.6465773606342327,
      -1.6366522052556398,
      -1.591925866309285,
      -1.5486429240773365,
      -1.5830568205460875,
      -1.590753114101874,
      -1.5651646013906695,
      -1.582074004397623,
      -1.579067981733649,
      -1.586734861411151,
      -1.6344872671693207,
      -1.620430927175168,
      -1.596108697054323,
      -1.586152093002946,
      -1.5907423146481963,
      -1.6111818449610984,
      -1.618059013490061,
      -1.6104221018576743
    ]
  },
  "winding_resistance": 0.8318957947929811,
  "v_per_hz": 0.43599833679833677,
  "kv": 68.80760192871094,
  "unwrapped_position_scale": 1.0
}
