{
  "timestamp": "2021-03-09 20:37:50.366107",
  "device_info": {
    "serial_number": "AE4ASEhOUA4gNDNW",
    "model": "600",
    "git_hash": "e29d61b2baf4e29c6fffc689d8efe11fa4093b6f",
    "git_dirty": false,
    "git_timestamp": 1610639364
  },
  "calibration": {
    "invert": false,
    "poles": 14,
    "offset": [
      -2.6973690598939717,
      -2.6859268899709847,
      -2.6504841584177243,
      -2.662919955102704,
      -2.654590175632524,
      -2.671871450792831,
      -2.688156097307515,
      -2.651369319179634,
      -2.6355174416627065,
      -2.6515637999691477,
      -2.655943890987141,
      -2.688562420204979,
      -2.6785932526724663,
      -2.650077579217858,
      -2.643041612202481,
      -2.641099386804519,
      -2.6654330235153005,
      -2.6574683298226174,
      -2.64329948207391,
      -2.6456484601131396,
      -2.6339264300612415,
      -2.664017459398351,
      -2.674671710855929,
      -2.6400935474409213,
      -2.6399345072651226,
      -2.6432070291287206,
      -2.6398455630887345,
      -2.6824844484690606,
      -2.6597284965566783,
      -2.6296199084186167,
      -2.644353886646646,
      -2.6402064073926175,
      -2.661070156436751,
      -2.667183402371652,
      -2.6385456572020725,
      -2.632631559332758,
      -2.645985608637362,
      -2.6758055560963023,
      -2.6926640618325934,
      -2.679566899518228,
      -2.6746125779747207,
      -2.6640952179859876,
      -2.6712617986790534,
      -2.7059748944365842,
      -2.6740019431239257,
      -2.656006681464392,
      -2.6695060262018635,
      -2.649745008690564,
      -2.683629769312179,
      -2.685624479250286,
      -2.6505286610816663,
      -2.656027885171104,
      -2.663565981120029,
      -2.6689664140908675,
      -2.6915848658881876,
      -2.6777760486107627,
      -2.6672360913748903,
      -2.678860889096265,
      -2.691493083884997,
      -2.7018511799299194,
      -2.677221839086682,
      -2.6634103531052764,
      -2.664306394540739,
      -2.660096762567491
    ]
  },
  "winding_resistance": 1.4324502232898144,
  "v_per_hz": 0.34952533333333335,
  "kv": 85.8306884765625,
  "unwrapped_position_scale": 1.0
}
