{
  "timestamp": "2021-03-04 21:04:55.834434",
  "device_info": {
    "serial_number": "ACIAKUhOUA4gNDNW",
    "model": "600",
    "git_hash": "e29d61b2baf4e29c6fffc689d8efe11fa4093b6f",
    "git_dirty": false,
    "git_timestamp": 1610639364
  },
  "calibration": {
    "invert": true,
    "poles": 14,
    "offset": [
      1.9947749615616528,
      1.9821975485721837,
      1.969375878165589,
      1.9763978125852375,
      1.9851689329653406,
      1.9846183915508535,
      1.9688930477727482,
      1.9691436076836857,
      1.9637669949548135,
      1.9694277369905038,
      1.9865469634919508,
      1.9757655841323718,
      1.9605029337210984,
      1.9593076252352708,
      1.96272240967894,
      1.9711835080533495,
      1.9724427874460304,
      1.9712922108339663,
      1.9797330088126341,
      1.9900278992031901,
      1.9909136571070616,
      2.002448364338638,
      1.9935324588784014,
      1.9848372189885555,
      1.9961091785177372,
      2.0136128223953413,
      2.0204051175615976,
      2.0100399072361683,
      2.0089289684385854,
      1.9936270119157367,
      1.9831031342068355,
      1.9942956348817737,
      1.987255679620892,
      1.9665858572493,
      1.9787019055252706,
      1.9756380420577173,
      1.9676419899493205,
      1.9806951996493374,
      1.9556002694975196,
      1.9320948266328404,
      1.942982743164937,
      1.9455285753821747,
      1.9437829322100366,
      1.9532822007867088,
      1.9535113685654406,
      1.9396039786804775,
      1.9540481868001414,
      1.9688988497863222,
      1.9540757239198547,
      1.947338793576374,
      1.9513103544746884,
      1.937048818865563,
      1.9446117748961231,
      1.9616656263376002,
      1.9395675335710267,
      1.9470025555458994,
      1.9644803164950289,
      1.9632934165168463,
      1.976925668172808,
      1.9754114593643688,
      1.9635670817629987,
      1.973337508533594,
      1.991771499814182,
      1.994705404208614
    ]
  },
  "winding_resistance": 0.7069524830195377,
  "v_per_hz": 0.36472208695652175,
  "kv": 82.25440979003906,
  "unwrapped_position_scale": 1.0
}
