{
  "timestamp": "2021-03-09 03:16:23.594027",
  "device_info": {
    "serial_number": "ACIAKUhOUA4gNDNW",
    "model": "600",
    "git_hash": "e29d61b2baf4e29c6fffc689d8efe11fa4093b6f",
    "git_dirty": false,
    "git_timestamp": 1610639364
  },
  "calibration": {
    "invert": true,
    "poles": 14,
    "offset": [
      2.0144922396413363,
      1.9938382824100422,
      1.973231019835107,
      1.9612331685893518,
      1.987154413633917,
      2.0076949131264503,
      1.9882378121036208,
      1.983995496969809,
      1.9751316656663356,
      1.9692115568338218,
      1.9894004997585173,
      1.9940275571885764,
      1.9947796157251774,
      2.0066822963850877,
      1.9972173543202538,
      2.0050598126495944,
      2.002628403910768,
      1.9766969984494556,
      1.996715248837889,
      2.0137285720641342,
      2.0124120039032896,
      2.030264238121944,
      2.0102146181607554,
      1.9864751846504272,
      1.9909613869493916,
      1.985553273162754,
      1.9731619624422878,
      1.945084885316893,
      1.932924722361123,
      1.9232815746425675,
      1.9409795201788014,
      1.9765831337512967,
      1.9719861059633461,
      1.946031554056975,
      1.9484679157798932,
      1.9354487638186864,
      1.9276213275276863,
      1.9516048421723855,
      1.931215648451856,
      1.9072088222860641,
      1.9193012805864065,
      1.9252022083820368,
      1.9257908138667694,
      1.9313732237027061,
      1.9359978807929248,
      1.9265964424102657,
      1.9355921441081312,
      1.950053886342976,
      1.9434326090250442,
      1.9292331303956982,
      1.9467045162030365,
      1.9519318419932858,
      1.9593442197078537,
      1.9770935766786453,
      1.95246472264912,
      1.9660750592839153,
      1.9995070147819292,
      2.00919382821299,
      2.027596736714952,
      2.0162303391662104,
      1.985473031801961,
      1.980709987487729,
      2.0091679858257545,
      2.0227002390188114
    ]
  },
  "winding_resistance": -8.497424560642772,
  "v_per_hz": 0.5152707616707617,
  "kv": 58.22181701660156,
  "unwrapped_position_scale": 1.0
}
