{
  "timestamp": "2021-07-09 18:01:23.816030",
  "device_info": {
    "serial_number": "ACoARjdTUA0gMjlC",
    "model": "600",
    "git_hash": "33ce490dd994e5008ae6fe8a5d8dd079a4848503",
    "git_dirty": false,
    "git_timestamp": 1620087252,
    "uuid": "169c72b6-02a2-498f-b1e6-bee83219dd2f"
  },
  "calibration": {
    "invert": false,
    "phase_invert": false,
    "poles": 14,
    "offset": [
      -1.0861059883948911,
      -1.0887331003645067,
      -1.0963264310329819,
      -1.0951586035046263,
      -1.0790548171721845,
      -1.076765519700152,
      -1.074757041425562,
      -1.0817913986884364,
      -1.0716182973153545,
      -1.0441970277045056,
      -1.037082984463329,
      -1.025191253252597,
      -1.0257899276113804,
      -1.0212585963512661,
      -0.9911632555808028,
      -0.9691688902757587,
      -0.9602802792972133,
      -0.9530330162381169,
      -0.9571249441567745,
      -0.9459133106556172,
      -0.920231001660147,
      -0.9123870936316988,
      -0.9152786856805646,
      -0.9228788657954914,
      -0.9261350329953612,
      -0.919669712650816,
      -0.919934585140398,
      -0.9231672034378445,
      -0.9499479748449584,
      -0.9616512468938264,
      -0.9577735935359631,
      -0.9513668150124096,
      -0.9368916325444095,
      -0.9329431624388995,
      -0.9467491548339543,
      -0.9500784922908182,
      -0.9622258124769304,
      -0.9893184015820733,
      -1.0118454602626563,
      -1.0408113056760782,
      -1.058809304011879,
      -1.0521947542821275,
      -1.0528942082418713,
      -1.0591844789152478,
      -1.0709320756158767,
      -1.0792092548828973,
      -1.0758909192754678,
      -1.0694432420847768,
      -1.0619631376978091,
      -1.064339800083971,
      -1.0757082725225358,
      -1.071120295681101,
      -1.064233141184493,
      -1.0657655337897376,
      -1.0611837698735953,
      -1.0734722673805488,
      -1.080450915705226,
      -1.0671255872564058,
      -1.072645751403424,
      -1.0782099110684518,
      -1.084754430209521,
      -1.0976083220306039,
      -1.0846202338383024,
      -1.0788371405663808
    ]
  },
  "winding_resistance": 0.6248163222303317,
  "inductance": 0.0006541961869253745,
  "pid_dq_kp": 0.2,
  "pid_dq_ki": 191.01802631008175,
  "torque_bw_hz": 48.65664040015277,
  "encoder_filter_bw_hz": 100,
  "encoder_filter_kp": 1256.6370614359173,
  "encoder_filter_ki": 394784.17604357435,
  "v_per_hz": 0.4097746228519189,
  "kv": 73.21097580716012,
  "unwrapped_position_scale": 1.0
}
