{
  "timestamp": "2021-07-14 15:21:09.448492",
  "device_info": {
    "serial_number": "AEUARzdTUA0gMjlC",
    "model": "600",
    "git_hash": "33ce490dd994e5008ae6fe8a5d8dd079a4848503",
    "git_dirty": false,
    "git_timestamp": 1620087252,
    "uuid": "f74050cd-d8ae-405b-bba2-76605330beb8"
  },
  "calibration": {
    "invert": false,
    "phase_invert": false,
    "poles": 14,
    "offset": [
      -2.805435844158654,
      -2.817307227151663,
      -2.822316174422158,
      -2.8373806464211193,
      -2.812614890832978,
      -2.7809621075904523,
      -2.797406052211229,
      -2.8117731499067835,
      -2.8203760144691983,
      -2.83074642808267,
      -2.814931863223433,
      -2.798582025028017,
      -2.8164493823061147,
      -2.81802711542508,
      -2.7978717027752644,
      -2.7870445657426814,
      -2.7827383987291827,
      -2.794351644667279,
      -2.8232056100919767,
      -2.824976080377593,
      -2.7960052794559394,
      -2.779161583656409,
      -2.788156121818754,
      -2.7872511008341436,
      -2.801860157430836,
      -2.7908469084291934,
      -2.761662151224272,
      -2.775708835555592,
      -2.8148962772141735,
      -2.821653174341578,
      -2.824652553943072,
      -2.8018034195895236,
      -2.767494967316617,
      -2.7856760070999163,
      -2.8086420672080656,
      -2.8028591031852197,
      -2.796202313017351,
      -2.790087689662326,
      -2.796498034878874,
      -2.823930853292519,
      -2.8397152454500443,
      -2.809195840318346,
      -2.778830890624635,
      -2.7832438610258303,
      -2.799423609389786,
      -2.825677850117203,
      -2.840415133031125,
      -2.813692919876449,
      -2.7893883663364236,
      -2.816436356429299,
      -2.8191716240061804,
      -2.823000039201959,
      -2.816906035355747,
      -2.7863428898662077,
      -2.788952581728947,
      -2.8234409134783074,
      -2.8318960564617437,
      -2.823241035931571,
      -2.8136447700477465,
      -2.7958955344432526,
      -2.8025852975662873,
      -2.8277424965392886,
      -2.8203344624363114,
      -2.8039908029793055
    ]
  },
  "winding_resistance": 0.6791321196003504,
  "inductance": 0.0008154358460144461,
  "pid_dq_kp": 0.2,
  "pid_dq_ki": 166.56911096555325,
  "torque_bw_hz": 39.03555230488992,
  "encoder_filter_bw_hz": 100,
  "encoder_filter_kp": 1256.6370614359173,
  "encoder_filter_ki": 394784.17604357435,
  "v_per_hz": 0.4121765580480533,
  "kv": 72.78434305451809,
  "unwrapped_position_scale": 1.0
}
