{
  "timestamp": "2021-07-09 18:02:59.725676",
  "device_info": {
    "serial_number": "AEUARzdTUA0gMjlC",
    "model": "600",
    "git_hash": "33ce490dd994e5008ae6fe8a5d8dd079a4848503",
    "git_dirty": false,
    "git_timestamp": 1620087252,
    "uuid": "f74050cd-d8ae-405b-bba2-76605330beb8"
  },
  "calibration": {
    "invert": false,
    "phase_invert": false,
    "poles": 14,
    "offset": [
      -2.8439184094319523,
      -2.852524408264746,
      -2.8477147660536746,
      -2.8419565539409093,
      -2.8257629348586306,
      -2.8114506290712242,
      -2.8267369358401555,
      -2.8399200416208097,
      -2.8397084666000207,
      -2.8416717961184395,
      -2.83656910398497,
      -2.841298755600128,
      -2.8611895747273404,
      -2.85615063930967,
      -2.8428693487925796,
      -2.83352753922292,
      -2.836490160635157,
      -2.8497718644031096,
      -2.8579424835270264,
      -2.8497516378115404,
      -2.8301473533886474,
      -2.8215132425175837,
      -2.836518760779374,
      -2.8401046321211436,
      -2.8369624756333236,
      -2.830436780366157,
      -2.818972147832423,
      -2.835657985247939,
      -2.8673506207667416,
      -2.8708446833650707,
      -2.8710621473337876,
      -2.858332056871754,
      -2.851940270453824,
      -2.8706995474702452,
      -2.876582512106583,
      -2.8699388278654427,
      -2.85830875537752,
      -2.851167157857139,
      -2.8643385636644894,
      -2.878589183032285,
      -2.879171569415994,
      -2.867768254151075,
      -2.848394317111675,
      -2.8562221269701107,
      -2.8748485009121665,
      -2.8817825768356413,
      -2.8896181607954987,
      -2.8836168190976723,
      -2.879100402315744,
      -2.8972098134229434,
      -2.8987134792734612,
      -2.886673174091203,
      -2.8773932866802205,
      -2.8595692657238296,
      -2.8638515369858513,
      -2.875431924116868,
      -2.866314544517646,
      -2.849658724215397,
      -2.8424609723590795,
      -2.842875703933329,
      -2.8577995875690556,
      -2.871025758990419,
      -2.8598531095936632,
      -2.847053519726328
    ]
  },
  "winding_resistance": 0.7651687500404493,
  "inductance": 0.0007212905471236707,
  "pid_dq_kp": 0.2,
  "pid_dq_ki": 212.16658199438606,
  "torque_bw_hz": 44.13060554489897,
  "encoder_filter_bw_hz": 100,
  "encoder_filter_kp": 1256.6370614359173,
  "encoder_filter_ki": 394784.17604357435,
  "v_per_hz": 0.4437439091474543,
  "kv": 67.60656176134943,
  "unwrapped_position_scale": 1.0
}
