{
  "timestamp": "2021-07-12 17:15:08.865209",
  "device_info": {
    "serial_number": "ACoARjdTUA0gMjlC",
    "model": "600",
    "git_hash": "33ce490dd994e5008ae6fe8a5d8dd079a4848503",
    "git_dirty": false,
    "git_timestamp": 1620087252,
    "uuid": "169c72b6-02a2-498f-b1e6-bee83219dd2f"
  },
  "calibration": {
    "invert": false,
    "phase_invert": false,
    "poles": 14,
    "offset": [
      2.3294255080598645,
      2.3195733587009313,
      2.327994176488454,
      2.339812581615963,
      2.353339690427318,
      2.350995426090863,
      2.34808396385007,
      2.3552657547232454,
      2.362835868150881,
      2.3809909912271285,
      2.3917686686204274,
      2.3899588567178047,
      2.4022150648907625,
      2.4228597253158335,
      2.439295665652962,
      2.459392464997628,
      2.4634120951575493,
      2.4636756867309093,
      2.4795198927304782,
      2.491240243239975,
      2.4982866899059055,
      2.4978108179030043,
      2.4860976201404066,
      2.4852200101935393,
      2.486193247070649,
      2.490330415148115,
      2.4761266267847306,
      2.4542347904548736,
      2.44192664658576,
      2.428427689059022,
      2.423013463026584,
      2.4172587078784824,
      2.3938174698125807,
      2.3722738795381284,
      2.3691254361748375,
      2.355768672792672,
      2.3517313682223553,
      2.3399424923760463,
      2.311492994927252,
      2.304994112284034,
      2.30163971097904,
      2.297924825157536,
      2.2936162718600066,
      2.284496744041733,
      2.275057766078694,
      2.283111580996882,
      2.291585985983664,
      2.299688887483476,
      2.2962156427685247,
      2.2940392820871667,
      2.3047702095045066,
      2.309430427597478,
      2.323586138352071,
      2.3233922450420637,
      2.3103621340134337,
      2.3188079460752697,
      2.323083904671174,
      2.3259008329398356,
      2.329761013099401,
      2.3172439819848876,
      2.3116314728725436,
      2.3236539926115154,
      2.328266793343054,
      2.3312083774923646
    ]
  },
  "winding_resistance": 0.6289007247432599,
  "inductance": 0.0006457601957372917,
  "pid_dq_kp": 0.2,
  "pid_dq_ki": 194.77841121043932,
  "torque_bw_hz": 49.292274173133706,
  "encoder_filter_bw_hz": 100,
  "encoder_filter_kp": 1256.6370614359173,
  "encoder_filter_ki": 394784.17604357435,
  "v_per_hz": 0.3824963405550609,
  "kv": 78.43212292296809,
  "unwrapped_position_scale": 1.0
}
