{
  "timestamp": "2021-07-12 17:18:52.127632",
  "device_info": {
    "serial_number": "AEUARzdTUA0gMjlC",
    "model": "600",
    "git_hash": "33ce490dd994e5008ae6fe8a5d8dd079a4848503",
    "git_dirty": false,
    "git_timestamp": 1620087252,
    "uuid": "f74050cd-d8ae-405b-bba2-76605330beb8"
  },
  "calibration": {
    "invert": false,
    "phase_invert": false,
    "poles": 14,
    "offset": [
      -2.8136681631573603,
      -2.8163326303629264,
      -2.8142511058029456,
      -2.8144525233381392,
      -2.8032979408883554,
      -2.7901446520091713,
      -2.796422007855005,
      -2.805748345524142,
      -2.811058534816085,
      -2.815354894399099,
      -2.8084398708558296,
      -2.804266512166367,
      -2.8155386450266344,
      -2.8182676930966033,
      -2.811672414978581,
      -2.8077253738567234,
      -2.801271750913439,
      -2.8045818647000083,
      -2.810760200984176,
      -2.8084777783479664,
      -2.7946242761357545,
      -2.7828646846146237,
      -2.7854618426748092,
      -2.7841912523464623,
      -2.790583838294523,
      -2.788437014808602,
      -2.7818950043120814,
      -2.791658714598384,
      -2.815000032878206,
      -2.822921131783452,
      -2.8299196234258863,
      -2.822932660412266,
      -2.8100602089720925,
      -2.8168817145720273,
      -2.823167554759272,
      -2.821800255800446,
      -2.817604659624288,
      -2.81436069887978,
      -2.819124041415708,
      -2.8303074378208883,
      -2.837455449404406,
      -2.826898856748828,
      -2.8142901135485245,
      -2.816521102033337,
      -2.824516063127861,
      -2.834320361674631,
      -2.84104866512513,
      -2.832783929747858,
      -2.8235306199332273,
      -2.8327586693798636,
      -2.830716807579348,
      -2.826609523913506,
      -2.8188475080871234,
      -2.802208700332533,
      -2.8032525589012343,
      -2.8134061050058423,
      -2.8145047596444264,
      -2.80734456540497,
      -2.805020613803476,
      -2.802041381493408,
      -2.8122010397533472,
      -2.827148311870719,
      -2.827481931744127,
      -2.8180397750922537
    ]
  },
  "winding_resistance": 0.3823888449575701,
  "inductance": 0.0006965640600549712,
  "pid_dq_kp": 0.2,
  "pid_dq_ki": 109.79287243944022,
  "torque_bw_hz": 45.697144661565005,
  "encoder_filter_bw_hz": 100,
  "encoder_filter_kp": 1256.6370614359173,
  "encoder_filter_ki": 394784.17604357435,
  "v_per_hz": 0.3743284218734084,
  "kv": 80.1435270393267,
  "unwrapped_position_scale": 1.0
}
