{
  "timestamp": "2021-06-30 16:58:29.285821",
  "device_info": {
    "serial_number": "ACoARjdTUA0gMjlC",
    "model": "600",
    "git_hash": "33ce490dd994e5008ae6fe8a5d8dd079a4848503",
    "git_dirty": false,
    "git_timestamp": 1620087252,
    "uuid": "169c72b6-02a2-498f-b1e6-bee83219dd2f"
  },
  "calibration": {
    "invert": false,
    "phase_invert": false,
    "poles": 14,
    "offset": [
      -1.4080265083505823,
      -1.4230154542031563,
      -1.4127234888769784,
      -1.4032543038011314,
      -1.3977088000734441,
      -1.3946041811139227,
      -1.3988969674284224,
      -1.3959220726113148,
      -1.3791202828150615,
      -1.3576502007648916,
      -1.34908499241804,
      -1.3467901208808941,
      -1.340891812739381,
      -1.3328528507266082,
      -1.3236602064360774,
      -1.3139654367798936,
      -1.317056650171305,
      -1.3156263022774703,
      -1.2981391499182267,
      -1.2870481487024874,
      -1.2674154199236418,
      -1.2643655668101155,
      -1.27596162727726,
      -1.2713373084694854,
      -1.2692450030307587,
      -1.272293581323387,
      -1.284022871936471,
      -1.3031122840751341,
      -1.3124799979386346,
      -1.3082278342976406,
      -1.3029054754779175,
      -1.3093852423148058,
      -1.3346139841260083,
      -1.3585473683961058,
      -1.3683171451760479,
      -1.3728682557001046,
      -1.362708996433902,
      -1.3711979444895002,
      -1.3979730780056527,
      -1.405390485595362,
      -1.4213184644895063,
      -1.4298770655315922,
      -1.4262916056266195,
      -1.4334931654604712,
      -1.4340208536626178,
      -1.4170852890064074,
      -1.408961246473896,
      -1.3991872629060544,
      -1.3934720062867876,
      -1.3973971090542088,
      -1.385523502149959,
      -1.3786141572745314,
      -1.3723916260152227,
      -1.3810777406503973,
      -1.396488276736471,
      -1.393968115192034,
      -1.397232490876434,
      -1.3907893481638436,
      -1.3856049122325473,
      -1.3995793342140999,
      -1.405435656963351,
      -1.398163248910654,
      -1.4055120665032603,
      -1.402408312932403
    ]
  },
  "winding_resistance": 0.6520978389678254,
  "inductance": 0.0007477887621199011,
  "pid_dq_kp": 0.2,
  "pid_dq_ki": 174.40696410553105,
  "torque_bw_hz": 42.566818640255605,
  "encoder_filter_bw_hz": 100,
  "encoder_filter_kp": 1256.6370614359173,
  "encoder_filter_ki": 394784.17604357435,
  "v_per_hz": 0.39378687939335855,
  "kv": 76.18334071012211,
  "unwrapped_position_scale": 1.0
}
