{
  "timestamp": "2021-06-21 16:05:18.533331",
  "device_info": {
    "serial_number": "AEUARzdTUA0gMjlC",
    "model": "600",
    "git_hash": "33ce490dd994e5008ae6fe8a5d8dd079a4848503",
    "git_dirty": false,
    "git_timestamp": 1620087252,
    "uuid": "f74050cd-d8ae-405b-bba2-76605330beb8"
  },
  "calibration": {
    "invert": false,
    "phase_invert": false,
    "poles": 14,
    "offset": [
      3.190049228637702,
      3.1821077189602898,
      3.1877399366807584,
      3.1809929717863175,
      3.198114618264792,
      3.2383481622701344,
      3.2449077244291877,
      3.2172285538937673,
      3.2103587295869453,
      3.191820007698192,
      3.192112344134038,
      3.213432249820699,
      3.1942709720408464,
      3.1745093294017503,
      3.186637480838515,
      3.2017498667521633,
      3.214794384669358,
      3.222159277531957,
      3.2045635354009394,
      3.188089873840827,
      3.2119026232934544,
      3.2378642931869575,
      3.238467428688871,
      3.2367146535556373,
      3.225563856432254,
      3.211478964699103,
      3.2302177190586194,
      3.2352438547553026,
      3.186021291420748,
      3.1633934033017694,
      3.1472736512382955,
      3.1458150963967872,
      3.17709506234721,
      3.186509728789161,
      3.161922127293819,
      3.164020894965853,
      3.1758062830362874,
      3.1816890420427466,
      3.1881197300011097,
      3.1840123894264636,
      3.1590200812034754,
      3.171183543961291,
      3.1998134057750725,
      3.2031307443106556,
      3.170886475031137,
      3.151030912082192,
      3.1173604183600356,
      3.126508926434261,
      3.1571249055984105,
      3.1480098706107023,
      3.1383274407596997,
      3.1503299612530093,
      3.157157870339975,
      3.1846497963365437,
      3.210186423320079,
      3.182734611605984,
      3.1661274592491444,
      3.172816752417907,
      3.177276158638854,
      3.1889731043581997,
      3.186415791312503,
      3.1633019260378488,
      3.1541902705459797,
      3.178046859624078
    ]
  },
  "winding_resistance": 1.4,
  "inductance": 0.0008402510341045722,
  "pid_dq_kp": 0.2,
  "pid_dq_ki": 290.4181954316452,
  "torque_bw_hz": 37.88271281605777,
  "encoder_filter_bw_hz": 100,
  "encoder_filter_kp": 1256.6370614359173,
  "encoder_filter_ki": 394784.17604357435,
  "v_per_hz": 0.4229067033678567,
  "kv": 70.93763177810193,
  "unwrapped_position_scale": 1.0
}
