{
  "timestamp": "2021-06-03 19:34:14.240796",
  "device_info": {
    "serial_number": "AE4ASEhOUA4gNDNW",
    "model": "600",
    "git_hash": "e29d61b2baf4e29c6fffc689d8efe11fa4093b6f",
    "git_dirty": false,
    "git_timestamp": 1610639364,
    "uuid": ""
  },
  "calibration": {
    "invert": false,
    "phase_invert": false,
    "poles": 14,
    "offset": [
      2.7943781485429744,
      2.753331986088726,
      2.747908686362186,
      2.7849062771567663,
      2.7802025968179236,
      2.785748816972898,
      2.7907686486019694,
      2.757448317399047,
      2.7789415974454443,
      2.799996328161628,
      2.7841656434159807,
      2.775943326456013,
      2.750309698743538,
      2.755082558576159,
      2.7870173788244883,
      2.797796500536354,
      2.806324993432804,
      2.7710285761079776,
      2.7604864103459845,
      2.7709209611130112,
      2.7762472988185727,
      2.790707628390171,
      2.7831807520040384,
      2.760732054111696,
      2.794855369801025,
      2.8063195575016313,
      2.795096305799083,
      2.8102858137608235,
      2.760646115758451,
      2.771802261765786,
      2.811413730353216,
      2.8081512645233877,
      2.804295425948447,
      2.7861783107164557,
      2.75700495104108,
      2.782181652826333,
      2.8020990101501186,
      2.791812810023006,
      2.7693839834295386,
      2.7352455266774496,
      2.7391026961010687,
      2.7458405390572773,
      2.749131383388178,
      2.7573513789091404,
      2.7132406176984984,
      2.7278281979965895,
      2.7540367049259324,
      2.742491403208026,
      2.7614735124839487,
      2.756831960446523,
      2.73530656806487,
      2.775735044801514,
      2.7879397297371376,
      2.7623237405708916,
      2.7660907434083755,
      2.74928232064593,
      2.7524556893335133,
      2.773576371735272,
      2.778500775299925,
      2.7628278047334045,
      2.7494053283988915,
      2.7714741092220634,
      2.7865040638175738,
      2.7828981222804785
    ]
  },
  "winding_resistance": 1.4,
  "inductance": null,
  "pid_dq_kp": null,
  "pid_dq_ki": null,
  "torque_bw_hz": null,
  "encoder_filter_bw_hz": null,
  "encoder_filter_kp": null,
  "encoder_filter_ki": null,
  "v_per_hz": 0.4411238602482549,
  "kv": 68.00810997418424,
  "unwrapped_position_scale": 1.0
}
