{
  "timestamp": "2021-04-04 00:10:25.210427",
  "device_info": {
    "serial_number": "ACIAKUhOUA4gNDNW",
    "model": "600",
    "git_hash": "e29d61b2baf4e29c6fffc689d8efe11fa4093b6f",
    "git_dirty": false,
    "git_timestamp": 1610639364
  },
  "calibration": {
    "invert": false,
    "poles": 14,
    "offset": [
      2.866880712271498,
      2.852232190995992,
      2.850984791397887,
      2.875516400384862,
      2.8867975121494913,
      2.880827273169814,
      2.884154638965713,
      2.8521691749513747,
      2.89296352314778,
      2.935077575435702,
      2.9054898067037773,
      2.890938189550884,
      2.9035551025694497,
      2.896382151308374,
      2.946845390055618,
      2.9849620839857103,
      2.918184973487188,
      2.8982245291232873,
      2.8962461316221204,
      2.916030642504958,
      2.968783263419542,
      2.967008436167506,
      2.9220547594355244,
      2.899425694092295,
      2.928737959272398,
      2.965452642451847,
      2.9635557363741554,
      2.94580804326205,
      2.9105125934851603,
      2.901488696663823,
      2.946931331181051,
      2.9862116914642813,
      2.9633002630643435,
      2.9587124262125686,
      2.937765968173552,
      2.956499749777635,
      2.999995850887731,
      2.9840233367664792,
      2.959833239098789,
      2.9416067664388246,
      2.9272102370271713,
      2.950413414332322,
      2.9646059070948887,
      2.944472919632953,
      2.9323729470654394,
      2.9371759541944744,
      2.9392535592770765,
      2.9443708027408158,
      2.922321862340582,
      2.894751573709432,
      2.8803793129441475,
      2.910244131053314,
      2.931142202921175,
      2.909099865261211,
      2.907303020739271,
      2.8733042075824167,
      2.871731476359571,
      2.9098265885401235,
      2.912569040322919,
      2.8830759496269547,
      2.866762495863469,
      2.855686126189662,
      2.85716996456058,
      2.8762154809559908
    ]
  },
  "winding_resistance": 1.6747860736860563,
  "v_per_hz": 0.41692882703777334,
  "kv": 71.95472717285156,
  "unwrapped_position_scale": 1.0
}
