{
  "timestamp": "2021-04-17 17:34:19.319649",
  "device_info": {
    "serial_number": "ACQAP0hOUA4gNDNW",
    "model": "600",
    "git_hash": "e29d61b2baf4e29c6fffc689d8efe11fa4093b6f",
    "git_dirty": false,
    "git_timestamp": 1610639364
  },
  "calibration": {
    "invert": false,
    "poles": 14,
    "offset": [
      2.68874981054147,
      2.689877470942873,
      2.708079294355611,
      2.717279786012757,
      2.6728480340133727,
      2.6485010535156337,
      2.650153063691587,
      2.647553733066305,
      2.6477000770698447,
      2.630171972839277,
      2.5907525121803507,
      2.5752149531917454,
      2.5961236356609168,
      2.6072811251317676,
      2.5945726233836384,
      2.5881849038643265,
      2.578633447516432,
      2.5982032940844384,
      2.648040220735354,
      2.6711267695204666,
      2.661510909287575,
      2.6742987417699347,
      2.6846478011546027,
      2.7096876544284356,
      2.743424190095457,
      2.722381962789435,
      2.690346593844629,
      2.6900432048830774,
      2.688341577804641,
      2.687549462759355,
      2.6802605416425376,
      2.6496478913689305,
      2.63263260655651,
      2.6629213167524473,
      2.6908026423660325,
      2.6947375836668512,
      2.6905748981487783,
      2.676700768952395,
      2.6744192589371765,
      2.7082118021109265,
      2.7434047597649776,
      2.7108513524623414,
      2.6990431955431955,
      2.690856617426189,
      2.6880901683206235,
      2.702987368971316,
      2.699173203064617,
      2.6608659809730693,
      2.654317173042714,
      2.6620860691638693,
      2.6685729407195167,
      2.6817049343267403,
      2.6777304583050827,
      2.6627606571942737,
      2.6841211053186784,
      2.7084648092857093,
      2.7086657795270392,
      2.6912328103398258,
      2.676280764964691,
      2.6586230180819928,
      2.6819447944478476,
      2.712696766129603,
      2.6978137073528052,
      2.685872432402188
    ]
  },
  "winding_resistance": 1.4033859056308258,
  "v_per_hz": 0.427118533604888,
  "kv": 70.23811340332031,
  "unwrapped_position_scale": 1.0
}
