{
  "timestamp": "2021-06-03 19:31:20.449351",
  "device_info": {
    "serial_number": "ACIAKUhOUA4gNDNW",
    "model": "600",
    "git_hash": "e29d61b2baf4e29c6fffc689d8efe11fa4093b6f",
    "git_dirty": false,
    "git_timestamp": 1610639364,
    "uuid": ""
  },
  "calibration": {
    "invert": false,
    "phase_invert": false,
    "poles": 14,
    "offset": [
      1.885053570762424,
      1.913443337651694,
      1.8829122280890083,
      1.8670079936808817,
      1.856775647671299,
      1.8553356350670323,
      1.8708178968192173,
      1.8567077020139924,
      1.7968679531376301,
      1.7546738080039421,
      1.7642975468707416,
      1.7819163341547395,
      1.782456838479202,
      1.7547752879955638,
      1.688467208312711,
      1.6052433226138365,
      1.6193314567234827,
      1.6454369591704607,
      1.6136627169943978,
      1.587279906592436,
      1.540553123441426,
      1.467078690420181,
      1.5044497277029707,
      1.5612041114871125,
      1.547735943949651,
      1.5454572323093356,
      1.5242197795113497,
      1.4778609137998047,
      1.4569203610426118,
      1.4758841209978315,
      1.4776582024740423,
      1.4827287090164054,
      1.5398084463519244,
      1.5602823890260686,
      1.5233675620002514,
      1.5169767421868199,
      1.5117046265651588,
      1.5170091326862585,
      1.5746153673020078,
      1.600827702981918,
      1.5215351749929023,
      1.5012415849785896,
      1.5048673644769754,
      1.5532632321450162,
      1.6448730606233686,
      1.683611432941135,
      1.648615481482683,
      1.6213053337663736,
      1.6397308614064416,
      1.6854149571286299,
      1.7250004271019124,
      1.734769876226763,
      1.7290601329107536,
      1.7279190049801156,
      1.7543257694445649,
      1.7823413727696409,
      1.80087765952386,
      1.8107576028718382,
      1.832243887790518,
      1.8537942294436565,
      1.8677238696588174,
      1.8543296111310044,
      1.85875508772414,
      1.8495035699268139
    ]
  },
  "winding_resistance": 1.4,
  "inductance": null,
  "pid_dq_kp": null,
  "pid_dq_ki": null,
  "torque_bw_hz": null,
  "encoder_filter_bw_hz": null,
  "encoder_filter_kp": null,
  "encoder_filter_ki": null,
  "v_per_hz": 0.4411238602482549,
  "kv": 68.00810997418424,
  "unwrapped_position_scale": 1.0
}
