{
  "timestamp": "2021-06-21 16:02:21.533756",
  "device_info": {
    "serial_number": "ACoARjdTUA0gMjlC",
    "model": "600",
    "git_hash": "33ce490dd994e5008ae6fe8a5d8dd079a4848503",
    "git_dirty": false,
    "git_timestamp": 1620087252,
    "uuid": "169c72b6-02a2-498f-b1e6-bee83219dd2f"
  },
  "calibration": {
    "invert": false,
    "phase_invert": false,
    "poles": 14,
    "offset": [
      3.1251135834477703,
      3.130130177869554,
      3.15982381066184,
      3.1502664654923986,
      3.116545621088204,
      3.1345713469516645,
      3.137407877153715,
      3.1403214248855895,
      3.1501720965989986,
      3.1228269739667907,
      3.1122484300392035,
      3.1408322419101227,
      3.1603453081086474,
      3.173791541558242,
      3.1818503207766375,
      3.175390763996706,
      3.1956992461567753,
      3.225109913367504,
      3.2496663736823144,
      3.2358746437684927,
      3.2262907624691644,
      3.2379301114678785,
      3.239835180679114,
      3.2660333699312947,
      3.2648297020120522,
      3.223298405965048,
      3.2281443668521623,
      3.234235949220573,
      3.2254154643664332,
      3.230704891917671,
      3.208967510690601,
      3.164791163287266,
      3.183288184186229,
      3.1928382629940475,
      3.1902089848742756,
      3.174087196526969,
      3.1449271986411373,
      3.1352301964528166,
      3.151952678893606,
      3.1724380785223056,
      3.160643792344478,
      3.1318615042518965,
      3.1209672020404304,
      3.1242817521923225,
      3.1418171074184595,
      3.171105764928601,
      3.1494177026304406,
      3.1341822019227363,
      3.159277707573619,
      3.1625555583625604,
      3.177983871289306,
      3.1782443938946727,
      3.1360410205382037,
      3.13639292935203,
      3.1564803642790413,
      3.164188820034918,
      3.160483276832828,
      3.1471049189800673,
      3.128065459009189,
      3.1384854141047924,
      3.1614461665402347,
      3.1673515921343873,
      3.1395422108057534,
      3.1239772224204234
    ]
  },
  "winding_resistance": 1.4,
  "inductance": 0.0006439670063023988,
  "pid_dq_kp": 0.2,
  "pid_dq_ki": 420.745993879574,
  "torque_bw_hz": 49.42953335629689,
  "encoder_filter_bw_hz": 100,
  "encoder_filter_kp": 1256.6370614359173,
  "encoder_filter_ki": 394784.17604357435,
  "v_per_hz": 0.4229067033678567,
  "kv": 70.93763177810193,
  "unwrapped_position_scale": 1.0
}
