{
  "timestamp": "2021-07-18 16:40:20.302292",
  "device_info": {
    "serial_number": "AFAAPEhOUA4gNDNW",
    "model": "600",
    "git_hash": "e29d61b2baf4e29c6fffc689d8efe11fa4093b6f",
    "git_dirty": false,
    "git_timestamp": 1610639364,
    "uuid": ""
  },
  "calibration": {
    "invert": false,
    "phase_invert": false,
    "poles": 14,
    "offset": [
      1.3268588986020773,
      1.3132390830644833,
      1.3026508810893864,
      1.2656874559505793,
      1.2736899457403823,
      1.3087323807094546,
      1.3030537276731258,
      1.2722507229278184,
      1.2724252102499678,
      1.251546682999705,
      1.2776629741601686,
      1.3058005869703637,
      1.2791323417978537,
      1.2702971941472943,
      1.2735278418463212,
      1.2938887868764892,
      1.3170568920641426,
      1.323966894389364,
      1.302008093657806,
      1.2918387874200408,
      1.3188748747368402,
      1.3468094344980213,
      1.3420145088203403,
      1.3317036026263038,
      1.3123673685524593,
      1.3057277324815109,
      1.3505229490905903,
      1.3735636306389547,
      1.3448747671309849,
      1.340592166936987,
      1.314080828964182,
      1.326580928031375,
      1.3528023688934272,
      1.3379189793625736,
      1.3093972252376687,
      1.299221085162628,
      1.2953758616801185,
      1.3064219074493688,
      1.310591929959471,
      1.2750401001935647,
      1.2536892930319512,
      1.256939155473838,
      1.274086196320197,
      1.2808024049532778,
      1.2703605672544427,
      1.2562711282802985,
      1.2418375885058286,
      1.2783190094194719,
      1.3095156822008087,
      1.2910496602764936,
      1.2824666708042722,
      1.2736187288412952,
      1.2739558636054922,
      1.312505754998069,
      1.3281876938186838,
      1.2913181838870411,
      1.2813492487421654,
      1.2739840077460243,
      1.2858347413744866,
      1.3055470673530443,
      1.2995900501514386,
      1.283346506671327,
      1.2804102282407457,
      1.3147349070897083
    ]
  },
  "winding_resistance": 1.4,
  "inductance": null,
  "pid_dq_kp": null,
  "pid_dq_ki": null,
  "torque_bw_hz": null,
  "encoder_filter_bw_hz": null,
  "encoder_filter_kp": null,
  "encoder_filter_ki": null,
  "v_per_hz": 0.4411238602482549,
  "kv": 68.00810997418424,
  "unwrapped_position_scale": 1.0
}
