{
  "timestamp": "2021-07-18 16:55:41.576339",
  "device_info": {
    "serial_number": "ACQAP0hOUA4gNDNW",
    "model": "600",
    "git_hash": "e29d61b2baf4e29c6fffc689d8efe11fa4093b6f",
    "git_dirty": false,
    "git_timestamp": 1610639364,
    "uuid": ""
  },
  "calibration": {
    "invert": false,
    "phase_invert": false,
    "poles": 14,
    "offset": [
      -2.1923517792686,
      -2.1926630897663255,
      -2.208148543483001,
      -2.186888015632894,
      -2.183335867823829,
      -2.2555911230635197,
      -2.2954423933860904,
      -2.3204421728927285,
      -2.317217628949871,
      -2.2926624931785904,
      -2.293240344878662,
      -2.306300177504887,
      -2.307641555489373,
      -2.29624606665403,
      -2.2759861187473205,
      -2.2868863917783986,
      -2.295730073435186,
      -2.3042112067152796,
      -2.3253981341553014,
      -2.3008797572995014,
      -2.287594882770507,
      -2.312548742896231,
      -2.302722281859155,
      -2.3080699856042397,
      -2.3018790455987865,
      -2.279073256039966,
      -2.2919678560362344,
      -2.296415063142247,
      -2.2816194231766933,
      -2.289945588712531,
      -2.2870716846369334,
      -2.298285396702334,
      -2.3371428376113363,
      -2.3529315458026283,
      -2.3461947571304393,
      -2.3244851344061033,
      -2.3307989423996256,
      -2.365599771580168,
      -2.3833444819596807,
      -2.4037892267052805,
      -2.400332924565794,
      -2.363498441184182,
      -2.3741669404022945,
      -2.3883005525599357,
      -2.3905780385750437,
      -2.4136899225038126,
      -2.40368090854066,
      -2.382695203357744,
      -2.411559926106137,
      -2.395988626130038,
      -2.3792365351650617,
      -2.3652316123866854,
      -2.341365481586883,
      -2.3354132698210095,
      -2.325343866076695,
      -2.3106410133246134,
      -2.2905709406503605,
      -2.278311560481609,
      -2.2760563735895927,
      -2.2735033649788567,
      -2.2579214505523675,
      -2.2075506676492913,
      -2.173867181323878,
      -2.1946115329119675
    ]
  },
  "winding_resistance": 1.4,
  "inductance": null,
  "pid_dq_kp": null,
  "pid_dq_ki": null,
  "torque_bw_hz": null,
  "encoder_filter_bw_hz": null,
  "encoder_filter_kp": null,
  "encoder_filter_ki": null,
  "v_per_hz": 0.4411238602482549,
  "kv": 68.00810997418424,
  "unwrapped_position_scale": 1.0
}
